2025-11-01 23:15:55,399 - INFO - [31m[1mWARNING: This is a development server. Do not use it in a production deployment. Use a production WSGI server instead.[0m
 * Running on http://127.0.0.1:5000
2025-11-01 23:15:55,400 - INFO - [33mPress CTRL+C to quit[0m
2025-11-01 23:15:55,427 - INFO -  * Restarting with watchdog (windowsapi)
2025-11-01 23:15:56,750 - WARNING -  * Debugger is active!
2025-11-01 23:15:56,755 - INFO -  * Debugger PIN: 127-113-403
2025-11-01 23:16:18,158 - INFO - 127.0.0.1 - - [01/Nov/2025 23:16:18] "GET / HTTP/1.1" 200 -
2025-11-01 23:16:22,010 - INFO - 127.0.0.1 - - [01/Nov/2025 23:16:22] "GET /register HTTP/1.1" 200 -
2025-11-01 23:16:46,894 - INFO - User None: User Registration - New user test registered
2025-11-01 23:16:46,896 - INFO - 127.0.0.1 - - [01/Nov/2025 23:16:46] "[32mPOST /register HTTP/1.1[0m" 302 -
2025-11-01 23:16:46,909 - INFO - 127.0.0.1 - - [01/Nov/2025 23:16:46] "GET /login HTTP/1.1" 200 -
2025-11-01 23:16:56,727 - INFO - User 1: Login - User test logged in
2025-11-01 23:16:56,727 - INFO - 127.0.0.1 - - [01/Nov/2025 23:16:56] "[32mPOST /login HTTP/1.1[0m" 302 -
2025-11-01 23:16:56,747 - INFO - 127.0.0.1 - - [01/Nov/2025 23:16:56] "GET /dashboard HTTP/1.1" 200 -
2025-11-01 23:20:33,008 - INFO - 127.0.0.1 - - [01/Nov/2025 23:20:33] "GET /dashboard HTTP/1.1" 200 -
2025-11-01 23:20:33,108 - INFO - 127.0.0.1 - - [01/Nov/2025 23:20:33] "GET /static/styles.css HTTP/1.1" 200 -
2025-11-01 23:20:43,898 - INFO - 127.0.0.1 - - [01/Nov/2025 23:20:43] "GET /transactions HTTP/1.1" 200 -
2025-11-01 23:20:43,920 - INFO - 127.0.0.1 - - [01/Nov/2025 23:20:43] "[36mGET /static/styles.css HTTP/1.1[0m" 304 -
2025-11-01 23:36:50,744 - INFO - [31m[1mWARNING: This is a development server. Do not use it in a production deployment. Use a production WSGI server instead.[0m
 * Running on http://127.0.0.1:5000
2025-11-01 23:36:50,744 - INFO - [33mPress CTRL+C to quit[0m
2025-11-01 23:37:00,870 - INFO - 127.0.0.1 - - [01/Nov/2025 23:37:00] "GET /transactions HTTP/1.1" 200 -
2025-11-01 23:37:01,005 - INFO - 127.0.0.1 - - [01/Nov/2025 23:37:01] "GET /static/scripts.js HTTP/1.1" 200 -
2025-11-01 23:37:01,005 - INFO - 127.0.0.1 - - [01/Nov/2025 23:37:01] "GET /static/styles.css HTTP/1.1" 200 -
2025-11-01 23:37:03,655 - INFO - 127.0.0.1 - - [01/Nov/2025 23:37:03] "GET /transactions HTTP/1.1" 200 -
2025-11-01 23:37:03,688 - INFO - 127.0.0.1 - - [01/Nov/2025 23:37:03] "[36mGET /static/styles.css HTTP/1.1[0m" 304 -
2025-11-01 23:37:03,695 - INFO - 127.0.0.1 - - [01/Nov/2025 23:37:03] "[36mGET /static/scripts.js HTTP/1.1[0m" 304 -
2025-11-01 23:37:09,533 - INFO - 127.0.0.1 - - [01/Nov/2025 23:37:09] "GET /dashboard HTTP/1.1" 200 -
2025-11-01 23:37:09,559 - INFO - 127.0.0.1 - - [01/Nov/2025 23:37:09] "[36mGET /static/styles.css HTTP/1.1[0m" 304 -
2025-11-01 23:37:09,568 - INFO - 127.0.0.1 - - [01/Nov/2025 23:37:09] "[36mGET /static/scripts.js HTTP/1.1[0m" 304 -
2025-11-01 23:37:46,326 - INFO - 127.0.0.1 - - [01/Nov/2025 23:37:46] "GET /dashboard HTTP/1.1" 200 -
2025-11-01 23:37:46,345 - INFO - 127.0.0.1 - - [01/Nov/2025 23:37:46] "[36mGET /static/styles.css HTTP/1.1[0m" 304 -
2025-11-01 23:37:46,355 - INFO - 127.0.0.1 - - [01/Nov/2025 23:37:46] "[36mGET /static/scripts.js HTTP/1.1[0m" 304 -
2025-11-01 23:37:47,215 - INFO - 127.0.0.1 - - [01/Nov/2025 23:37:47] "GET /withdraw HTTP/1.1" 200 -
2025-11-01 23:37:47,246 - INFO - 127.0.0.1 - - [01/Nov/2025 23:37:47] "[36mGET /static/styles.css HTTP/1.1[0m" 304 -
2025-11-01 23:37:47,256 - INFO - 127.0.0.1 - - [01/Nov/2025 23:37:47] "[36mGET /static/scripts.js HTTP/1.1[0m" 304 -
2025-11-01 23:37:55,060 - INFO - 127.0.0.1 - - [01/Nov/2025 23:37:55] "GET /dashboard HTTP/1.1" 200 -
2025-11-01 23:37:55,098 - INFO - 127.0.0.1 - - [01/Nov/2025 23:37:55] "[36mGET /static/styles.css HTTP/1.1[0m" 304 -
2025-11-01 23:37:55,108 - INFO - 127.0.0.1 - - [01/Nov/2025 23:37:55] "[36mGET /static/scripts.js HTTP/1.1[0m" 304 -
2025-11-01 23:44:41,433 - INFO - [31m[1mWARNING: This is a development server. Do not use it in a production deployment. Use a production WSGI server instead.[0m
 * Running on http://127.0.0.1:5000
2025-11-01 23:44:41,434 - INFO - [33mPress CTRL+C to quit[0m
2025-11-01 23:44:50,934 - INFO - 127.0.0.1 - - [01/Nov/2025 23:44:50] "GET /deposit HTTP/1.1" 200 -
2025-11-01 23:44:51,099 - INFO - 127.0.0.1 - - [01/Nov/2025 23:44:51] "[36mGET /static/scripts.js HTTP/1.1[0m" 304 -
2025-11-01 23:44:51,099 - INFO - 127.0.0.1 - - [01/Nov/2025 23:44:51] "[36mGET /static/styles.css HTTP/1.1[0m" 304 -
2025-11-01 23:45:05,526 - INFO - 127.0.0.1 - - [01/Nov/2025 23:45:05] "POST /deposit HTTP/1.1" 200 -
2025-11-01 23:45:05,545 - INFO - 127.0.0.1 - - [01/Nov/2025 23:45:05] "[36mGET /static/styles.css HTTP/1.1[0m" 304 -
2025-11-01 23:45:05,560 - INFO - 127.0.0.1 - - [01/Nov/2025 23:45:05] "[36mGET /static/scripts.js HTTP/1.1[0m" 304 -
2025-11-01 23:45:11,099 - INFO - 127.0.0.1 - - [01/Nov/2025 23:45:11] "POST /deposit HTTP/1.1" 200 -
2025-11-01 23:45:11,138 - INFO - 127.0.0.1 - - [01/Nov/2025 23:45:11] "[36mGET /static/styles.css HTTP/1.1[0m" 304 -
2025-11-01 23:45:11,140 - INFO - 127.0.0.1 - - [01/Nov/2025 23:45:11] "[36mGET /static/scripts.js HTTP/1.1[0m" 304 -
2025-11-01 23:45:14,347 - INFO - 127.0.0.1 - - [01/Nov/2025 23:45:14] "GET /transfer HTTP/1.1" 200 -
2025-11-01 23:45:14,355 - INFO - 127.0.0.1 - - [01/Nov/2025 23:45:14] "[36mGET /static/styles.css HTTP/1.1[0m" 304 -
2025-11-01 23:45:14,355 - INFO - 127.0.0.1 - - [01/Nov/2025 23:45:14] "[36mGET /static/scripts.js HTTP/1.1[0m" 304 -
2025-11-01 23:45:17,109 - INFO - 127.0.0.1 - - [01/Nov/2025 23:45:17] "GET /transactions HTTP/1.1" 200 -
2025-11-01 23:45:17,137 - INFO - 127.0.0.1 - - [01/Nov/2025 23:45:17] "[36mGET /static/styles.css HTTP/1.1[0m" 304 -
2025-11-01 23:45:17,145 - INFO - 127.0.0.1 - - [01/Nov/2025 23:45:17] "[36mGET /static/scripts.js HTTP/1.1[0m" 304 -
2025-11-01 23:45:19,915 - INFO - 127.0.0.1 - - [01/Nov/2025 23:45:19] "GET /deposit HTTP/1.1" 200 -
2025-11-01 23:45:19,949 - INFO - 127.0.0.1 - - [01/Nov/2025 23:45:19] "[36mGET /static/styles.css HTTP/1.1[0m" 304 -
2025-11-01 23:45:19,949 - INFO - 127.0.0.1 - - [01/Nov/2025 23:45:19] "[36mGET /static/scripts.js HTTP/1.1[0m" 304 -
2025-11-01 23:45:23,299 - INFO - User 1: Deposit - Deposited 12.0
2025-11-01 23:45:23,304 - INFO - 127.0.0.1 - - [01/Nov/2025 23:45:23] "[32mPOST /deposit HTTP/1.1[0m" 302 -
2025-11-01 23:45:23,324 - INFO - 127.0.0.1 - - [01/Nov/2025 23:45:23] "GET /dashboard HTTP/1.1" 200 -
2025-11-01 23:45:23,373 - INFO - 127.0.0.1 - - [01/Nov/2025 23:45:23] "[36mGET /static/styles.css HTTP/1.1[0m" 304 -
2025-11-01 23:45:23,378 - INFO - 127.0.0.1 - - [01/Nov/2025 23:45:23] "[36mGET /static/scripts.js HTTP/1.1[0m" 304 -
2025-11-01 23:45:26,700 - INFO - 127.0.0.1 - - [01/Nov/2025 23:45:26] "GET /profile HTTP/1.1" 200 -
2025-11-01 23:45:26,727 - INFO - 127.0.0.1 - - [01/Nov/2025 23:45:26] "[36mGET /static/styles.css HTTP/1.1[0m" 304 -
2025-11-01 23:45:26,733 - INFO - 127.0.0.1 - - [01/Nov/2025 23:45:26] "[36mGET /static/scripts.js HTTP/1.1[0m" 304 -
2025-11-01 23:45:31,385 - INFO - 127.0.0.1 - - [01/Nov/2025 23:45:31] "GET /transactions HTTP/1.1" 200 -
2025-11-01 23:45:31,425 - INFO - 127.0.0.1 - - [01/Nov/2025 23:45:31] "[36mGET /static/styles.css HTTP/1.1[0m" 304 -
2025-11-01 23:45:31,428 - INFO - 127.0.0.1 - - [01/Nov/2025 23:45:31] "[36mGET /static/scripts.js HTTP/1.1[0m" 304 -
2025-11-01 23:45:32,988 - INFO - 127.0.0.1 - - [01/Nov/2025 23:45:32] "GET /transfer HTTP/1.1" 200 -
2025-11-01 23:45:33,021 - INFO - 127.0.0.1 - - [01/Nov/2025 23:45:33] "[36mGET /static/styles.css HTTP/1.1[0m" 304 -
2025-11-01 23:45:33,027 - INFO - 127.0.0.1 - - [01/Nov/2025 23:45:33] "[36mGET /static/scripts.js HTTP/1.1[0m" 304 -
2025-11-01 23:45:35,795 - INFO - 127.0.0.1 - - [01/Nov/2025 23:45:35] "GET /upload HTTP/1.1" 200 -
2025-11-01 23:45:35,825 - INFO - 127.0.0.1 - - [01/Nov/2025 23:45:35] "[36mGET /static/styles.css HTTP/1.1[0m" 304 -
2025-11-01 23:45:35,826 - INFO - 127.0.0.1 - - [01/Nov/2025 23:45:35] "[36mGET /static/scripts.js HTTP/1.1[0m" 304 -
2025-11-02 14:08:22,614 - INFO - [31m[1mWARNING: This is a development server. Do not use it in a production deployment. Use a production WSGI server instead.[0m
 * Running on http://127.0.0.1:5000
2025-11-02 14:08:22,614 - INFO - [33mPress CTRL+C to quit[0m
2025-11-02 14:08:40,683 - INFO - 127.0.0.1 - - [02/Nov/2025 14:08:40] "GET / HTTP/1.1" 200 -
2025-11-02 14:08:40,844 - INFO - 127.0.0.1 - - [02/Nov/2025 14:08:40] "[36mGET /static/styles.css HTTP/1.1[0m" 304 -
2025-11-02 14:08:40,854 - INFO - 127.0.0.1 - - [02/Nov/2025 14:08:40] "[36mGET /static/scripts.js HTTP/1.1[0m" 304 -
2025-11-02 14:08:53,151 - INFO - 127.0.0.1 - - [02/Nov/2025 14:08:53] "GET /deposit HTTP/1.1" 200 -
2025-11-02 14:08:53,179 - INFO - 127.0.0.1 - - [02/Nov/2025 14:08:53] "[36mGET /static/styles.css HTTP/1.1[0m" 304 -
2025-11-02 14:08:53,185 - INFO - 127.0.0.1 - - [02/Nov/2025 14:08:53] "[36mGET /static/scripts.js HTTP/1.1[0m" 304 -
2025-11-02 14:09:02,469 - INFO - 127.0.0.1 - - [02/Nov/2025 14:09:02] "GET /upload HTTP/1.1" 200 -
2025-11-02 14:09:02,490 - INFO - 127.0.0.1 - - [02/Nov/2025 14:09:02] "[36mGET /static/styles.css HTTP/1.1[0m" 304 -
2025-11-02 14:09:02,498 - INFO - 127.0.0.1 - - [02/Nov/2025 14:09:02] "[36mGET /static/scripts.js HTTP/1.1[0m" 304 -
2025-11-02 14:09:23,767 - INFO - 127.0.0.1 - - [02/Nov/2025 14:09:23] "GET /transfer HTTP/1.1" 200 -
2025-11-02 14:09:23,787 - INFO - 127.0.0.1 - - [02/Nov/2025 14:09:23] "[36mGET /static/styles.css HTTP/1.1[0m" 304 -
2025-11-02 14:09:23,797 - INFO - 127.0.0.1 - - [02/Nov/2025 14:09:23] "[36mGET /static/scripts.js HTTP/1.1[0m" 304 -
2025-11-02 14:10:10,962 - INFO - [31m[1mWARNING: This is a development server. Do not use it in a production deployment. Use a production WSGI server instead.[0m
 * Running on http://127.0.0.1:5000
2025-11-02 14:10:10,962 - INFO - [33mPress CTRL+C to quit[0m
2025-11-02 14:10:59,242 - INFO - 127.0.0.1 - - [02/Nov/2025 14:10:59] "GET /encrypt_decrypt HTTP/1.1" 200 -
2025-11-02 14:10:59,412 - INFO - 127.0.0.1 - - [02/Nov/2025 14:10:59] "GET /static/scripts.js HTTP/1.1" 200 -
2025-11-02 14:10:59,414 - INFO - 127.0.0.1 - - [02/Nov/2025 14:10:59] "GET /static/styles.css HTTP/1.1" 200 -
2025-11-02 14:11:04,959 - INFO - 127.0.0.1 - - [02/Nov/2025 14:11:04] "GET /transactions HTTP/1.1" 200 -
2025-11-02 14:11:04,975 - INFO - 127.0.0.1 - - [02/Nov/2025 14:11:04] "[36mGET /static/styles.css HTTP/1.1[0m" 304 -
2025-11-02 14:11:04,980 - INFO - 127.0.0.1 - - [02/Nov/2025 14:11:04] "[36mGET /static/scripts.js HTTP/1.1[0m" 304 -
2025-11-02 14:11:05,841 - INFO - 127.0.0.1 - - [02/Nov/2025 14:11:05] "GET /transfer HTTP/1.1" 200 -
2025-11-02 14:11:05,863 - INFO - 127.0.0.1 - - [02/Nov/2025 14:11:05] "[36mGET /static/styles.css HTTP/1.1[0m" 304 -
2025-11-02 14:11:05,864 - INFO - 127.0.0.1 - - [02/Nov/2025 14:11:05] "[36mGET /static/scripts.js HTTP/1.1[0m" 304 -
2025-11-02 14:14:38,835 - INFO - 127.0.0.1 - - [02/Nov/2025 14:14:38] "GET /transfer HTTP/1.1" 200 -
2025-11-02 14:14:38,854 - INFO - 127.0.0.1 - - [02/Nov/2025 14:14:38] "[36mGET /static/styles.css HTTP/1.1[0m" 304 -
2025-11-02 14:14:38,857 - INFO - 127.0.0.1 - - [02/Nov/2025 14:14:38] "[36mGET /static/scripts.js HTTP/1.1[0m" 304 -
2025-11-02 14:14:55,740 - INFO - [31m[1mWARNING: This is a development server. Do not use it in a production deployment. Use a production WSGI server instead.[0m
 * Running on http://127.0.0.1:5000
2025-11-02 14:14:55,740 - INFO - [33mPress CTRL+C to quit[0m
2025-11-02 14:15:10,487 - INFO - 127.0.0.1 - - [02/Nov/2025 14:15:10] "GET / HTTP/1.1" 200 -
2025-11-02 14:15:10,605 - INFO - 127.0.0.1 - - [02/Nov/2025 14:15:10] "[36mGET /static/styles.css HTTP/1.1[0m" 304 -
2025-11-02 14:15:10,610 - INFO - 127.0.0.1 - - [02/Nov/2025 14:15:10] "[36mGET /static/scripts.js HTTP/1.1[0m" 304 -
2025-11-02 14:15:16,044 - INFO - 127.0.0.1 - - [02/Nov/2025 14:15:16] "GET /register HTTP/1.1" 200 -
2025-11-02 14:15:16,062 - INFO - 127.0.0.1 - - [02/Nov/2025 14:15:16] "[36mGET /static/styles.css HTTP/1.1[0m" 304 -
2025-11-02 14:15:16,064 - INFO - 127.0.0.1 - - [02/Nov/2025 14:15:16] "[36mGET /static/scripts.js HTTP/1.1[0m" 304 -
2025-11-02 14:15:40,672 - ERROR - Exception on /register [POST]
Traceback (most recent call last):
  File "C:\Users\Ibrahim Khan\AppData\Local\Programs\Python\Python313\Lib\site-packages\sqlalchemy\engine\base.py", line 1967, in _exec_single_context
    self.dialect.do_execute(
    ~~~~~~~~~~~~~~~~~~~~~~~^
        cursor, str_statement, effective_parameters, context
        ^^^^^^^^^^^^^^^^^^^^^^^^^^^^^^^^^^^^^^^^^^^^^^^^^^^^
    )
    ^
  File "C:\Users\Ibrahim Khan\AppData\Local\Programs\Python\Python313\Lib\site-packages\sqlalchemy\engine\default.py", line 951, in do_execute
    cursor.execute(statement, parameters)
    ~~~~~~~~~~~~~~^^^^^^^^^^^^^^^^^^^^^^^
sqlite3.OperationalError: no such column: user.failed_login_attempts

The above exception was the direct cause of the following exception:

Traceback (most recent call last):
  File "C:\Users\Ibrahim Khan\AppData\Local\Programs\Python\Python313\Lib\site-packages\flask\app.py", line 2190, in wsgi_app
    response = self.full_dispatch_request()
  File "C:\Users\Ibrahim Khan\AppData\Local\Programs\Python\Python313\Lib\site-packages\flask\app.py", line 1486, in full_dispatch_request
    rv = self.handle_user_exception(e)
  File "C:\Users\Ibrahim Khan\AppData\Local\Programs\Python\Python313\Lib\site-packages\flask\app.py", line 1484, in full_dispatch_request
    rv = self.dispatch_request()
  File "C:\Users\Ibrahim Khan\AppData\Local\Programs\Python\Python313\Lib\site-packages\flask\app.py", line 1469, in dispatch_request
    return self.ensure_sync(self.view_functions[rule.endpoint])(**view_args)
           ~~~~~~~~~~~~~~~~~~~~~~~~~~~~~~~~~~~~~~~~~~~~~~~~~~~~^^^^^^^^^^^^^
  File "d:\7th SEMESTER\FinTech_App\app.py", line 232, in register
    if form.validate_on_submit():
       ~~~~~~~~~~~~~~~~~~~~~~~^^
  File "C:\Users\Ibrahim Khan\AppData\Local\Programs\Python\Python313\Lib\site-packages\flask_wtf\form.py", line 86, in validate_on_submit
    return self.is_submitted() and self.validate(extra_validators=extra_validators)
                                   ~~~~~~~~~~~~~^^^^^^^^^^^^^^^^^^^^^^^^^^^^^^^^^^^
  File "C:\Users\Ibrahim Khan\AppData\Local\Programs\Python\Python313\Lib\site-packages\wtforms\form.py", line 330, in validate
    return super().validate(extra)
           ~~~~~~~~~~~~~~~~^^^^^^^
  File "C:\Users\Ibrahim Khan\AppData\Local\Programs\Python\Python313\Lib\site-packages\wtforms\form.py", line 147, in validate
    if not field.validate(self, extra):
           ~~~~~~~~~~~~~~^^^^^^^^^^^^^
  File "C:\Users\Ibrahim Khan\AppData\Local\Programs\Python\Python313\Lib\site-packages\wtforms\fields\core.py", line 234, in validate
    stop_validation = self._run_validation_chain(form, chain)
  File "C:\Users\Ibrahim Khan\AppData\Local\Programs\Python\Python313\Lib\site-packages\wtforms\fields\core.py", line 254, in _run_validation_chain
    validator(form, self)
    ~~~~~~~~~^^^^^^^^^^^^
  File "d:\7th SEMESTER\FinTech_App\app.py", line 135, in validate_username
    user = User.query.filter_by(username=username.data).first()
  File "C:\Users\Ibrahim Khan\AppData\Local\Programs\Python\Python313\Lib\site-packages\sqlalchemy\orm\query.py", line 2759, in first
    return self.limit(1)._iter().first()  # type: ignore
           ~~~~~~~~~~~~~~~~~~~^^
  File "C:\Users\Ibrahim Khan\AppData\Local\Programs\Python\Python313\Lib\site-packages\sqlalchemy\orm\query.py", line 2857, in _iter
    result: Union[ScalarResult[_T], Result[_T]] = self.session.execute(
                                                  ~~~~~~~~~~~~~~~~~~~~^
        statement,
        ^^^^^^^^^^
        params,
        ^^^^^^^
        execution_options={"_sa_orm_load_options": self.load_options},
        ^^^^^^^^^^^^^^^^^^^^^^^^^^^^^^^^^^^^^^^^^^^^^^^^^^^^^^^^^^^^^^
    )
    ^
  File "C:\Users\Ibrahim Khan\AppData\Local\Programs\Python\Python313\Lib\site-packages\sqlalchemy\orm\session.py", line 2351, in execute
    return self._execute_internal(
           ~~~~~~~~~~~~~~~~~~~~~~^
        statement,
        ^^^^^^^^^^
    ...<4 lines>...
        _add_event=_add_event,
        ^^^^^^^^^^^^^^^^^^^^^^
    )
    ^
  File "C:\Users\Ibrahim Khan\AppData\Local\Programs\Python\Python313\Lib\site-packages\sqlalchemy\orm\session.py", line 2249, in _execute_internal
    result: Result[Any] = compile_state_cls.orm_execute_statement(
                          ~~~~~~~~~~~~~~~~~~~~~~~~~~~~~~~~~~~~~~~^
        self,
        ^^^^^
    ...<4 lines>...
        conn,
        ^^^^^
    )
    ^
  File "C:\Users\Ibrahim Khan\AppData\Local\Programs\Python\Python313\Lib\site-packages\sqlalchemy\orm\context.py", line 306, in orm_execute_statement
    result = conn.execute(
        statement, params or {}, execution_options=execution_options
    )
  File "C:\Users\Ibrahim Khan\AppData\Local\Programs\Python\Python313\Lib\site-packages\sqlalchemy\engine\base.py", line 1419, in execute
    return meth(
        self,
        distilled_parameters,
        execution_options or NO_OPTIONS,
    )
  File "C:\Users\Ibrahim Khan\AppData\Local\Programs\Python\Python313\Lib\site-packages\sqlalchemy\sql\elements.py", line 526, in _execute_on_connection
    return connection._execute_clauseelement(
           ~~~~~~~~~~~~~~~~~~~~~~~~~~~~~~~~~^
        self, distilled_params, execution_options
        ^^^^^^^^^^^^^^^^^^^^^^^^^^^^^^^^^^^^^^^^^
    )
    ^
  File "C:\Users\Ibrahim Khan\AppData\Local\Programs\Python\Python313\Lib\site-packages\sqlalchemy\engine\base.py", line 1641, in _execute_clauseelement
    ret = self._execute_context(
        dialect,
    ...<8 lines>...
        cache_hit=cache_hit,
    )
  File "C:\Users\Ibrahim Khan\AppData\Local\Programs\Python\Python313\Lib\site-packages\sqlalchemy\engine\base.py", line 1846, in _execute_context
    return self._exec_single_context(
           ~~~~~~~~~~~~~~~~~~~~~~~~~^
        dialect, context, statement, parameters
        ^^^^^^^^^^^^^^^^^^^^^^^^^^^^^^^^^^^^^^^
    )
    ^
  File "C:\Users\Ibrahim Khan\AppData\Local\Programs\Python\Python313\Lib\site-packages\sqlalchemy\engine\base.py", line 1986, in _exec_single_context
    self._handle_dbapi_exception(
    ~~~~~~~~~~~~~~~~~~~~~~~~~~~~^
        e, str_statement, effective_parameters, cursor, context
        ^^^^^^^^^^^^^^^^^^^^^^^^^^^^^^^^^^^^^^^^^^^^^^^^^^^^^^^
    )
    ^
  File "C:\Users\Ibrahim Khan\AppData\Local\Programs\Python\Python313\Lib\site-packages\sqlalchemy\engine\base.py", line 2355, in _handle_dbapi_exception
    raise sqlalchemy_exception.with_traceback(exc_info[2]) from e
  File "C:\Users\Ibrahim Khan\AppData\Local\Programs\Python\Python313\Lib\site-packages\sqlalchemy\engine\base.py", line 1967, in _exec_single_context
    self.dialect.do_execute(
    ~~~~~~~~~~~~~~~~~~~~~~~^
        cursor, str_statement, effective_parameters, context
        ^^^^^^^^^^^^^^^^^^^^^^^^^^^^^^^^^^^^^^^^^^^^^^^^^^^^
    )
    ^
  File "C:\Users\Ibrahim Khan\AppData\Local\Programs\Python\Python313\Lib\site-packages\sqlalchemy\engine\default.py", line 951, in do_execute
    cursor.execute(statement, parameters)
    ~~~~~~~~~~~~~~^^^^^^^^^^^^^^^^^^^^^^^
sqlalchemy.exc.OperationalError: (sqlite3.OperationalError) no such column: user.failed_login_attempts
[SQL: SELECT user.id AS user_id, user.username AS user_username, user.email AS user_email, user.password_hash AS user_password_hash, user.balance AS user_balance, user.failed_login_attempts AS user_failed_login_attempts, user.account_locked_until AS user_account_locked_until 
FROM user 
WHERE user.username = ?
 LIMIT ? OFFSET ?]
[parameters: ('test', 1, 0)]
(Background on this error at: https://sqlalche.me/e/20/e3q8)
2025-11-02 14:15:40,694 - ERROR - Failed to create audit log: (sqlite3.OperationalError) table audit_log has no column named ip_address
[SQL: INSERT INTO audit_log (user_id, action, timestamp, details, ip_address, user_agent) VALUES (?, ?, ?, ?, ?, ?)]
[parameters: (None, 'Internal Error', '2025-11-02 09:15:40.692970', '500 error from 127.0.0.1', '127.0.0.1', 'Mozilla/5.0 (Windows NT 10.0; Win64; x64) AppleWebKit/537.36 (KHTML, like Gecko) Chrome/134.0.0.0 Safari/537.36')]
(Background on this error at: https://sqlalche.me/e/20/e3q8)
2025-11-02 14:15:40,698 - INFO - 127.0.0.1 - - [02/Nov/2025 14:15:40] "[35m[1mPOST /register HTTP/1.1[0m" 500 -
2025-11-02 14:15:46,313 - INFO - 127.0.0.1 - - [02/Nov/2025 14:15:46] "GET / HTTP/1.1" 200 -
2025-11-02 14:15:46,332 - INFO - 127.0.0.1 - - [02/Nov/2025 14:15:46] "[36mGET /static/styles.css HTTP/1.1[0m" 304 -
2025-11-02 14:15:46,332 - INFO - 127.0.0.1 - - [02/Nov/2025 14:15:46] "[36mGET /static/scripts.js HTTP/1.1[0m" 304 -
2025-11-02 14:15:48,819 - INFO - 127.0.0.1 - - [02/Nov/2025 14:15:48] "GET /login HTTP/1.1" 200 -
2025-11-02 14:15:48,836 - INFO - 127.0.0.1 - - [02/Nov/2025 14:15:48] "[36mGET /static/styles.css HTTP/1.1[0m" 304 -
2025-11-02 14:15:48,845 - INFO - 127.0.0.1 - - [02/Nov/2025 14:15:48] "[36mGET /static/scripts.js HTTP/1.1[0m" 304 -
2025-11-02 14:15:56,300 - ERROR - Failed to create audit log: (sqlite3.OperationalError) table audit_log has no column named ip_address
[SQL: INSERT INTO audit_log (user_id, action, timestamp, details, ip_address, user_agent) VALUES (?, ?, ?, ?, ?, ?)]
[parameters: (None, 'Login Error', '2025-11-02 09:15:56.300603', 'Login error from 127.0.0.1', '127.0.0.1', 'Mozilla/5.0 (Windows NT 10.0; Win64; x64) AppleWebKit/537.36 (KHTML, like Gecko) Chrome/134.0.0.0 Safari/537.36')]
(Background on this error at: https://sqlalche.me/e/20/e3q8)
2025-11-02 14:15:56,301 - INFO - 127.0.0.1 - - [02/Nov/2025 14:15:56] "POST /login HTTP/1.1" 200 -
2025-11-02 14:15:56,318 - INFO - 127.0.0.1 - - [02/Nov/2025 14:15:56] "[36mGET /static/styles.css HTTP/1.1[0m" 304 -
2025-11-02 14:15:56,324 - INFO - 127.0.0.1 - - [02/Nov/2025 14:15:56] "[36mGET /static/scripts.js HTTP/1.1[0m" 304 -
2025-11-02 14:16:04,420 - INFO - 127.0.0.1 - - [02/Nov/2025 14:16:04] "GET /register HTTP/1.1" 200 -
2025-11-02 14:16:04,440 - INFO - 127.0.0.1 - - [02/Nov/2025 14:16:04] "[36mGET /static/styles.css HTTP/1.1[0m" 304 -
2025-11-02 14:16:04,442 - INFO - 127.0.0.1 - - [02/Nov/2025 14:16:04] "[36mGET /static/scripts.js HTTP/1.1[0m" 304 -
2025-11-02 14:16:21,940 - ERROR - Exception on /register [POST]
Traceback (most recent call last):
  File "C:\Users\Ibrahim Khan\AppData\Local\Programs\Python\Python313\Lib\site-packages\sqlalchemy\engine\base.py", line 1967, in _exec_single_context
    self.dialect.do_execute(
    ~~~~~~~~~~~~~~~~~~~~~~~^
        cursor, str_statement, effective_parameters, context
        ^^^^^^^^^^^^^^^^^^^^^^^^^^^^^^^^^^^^^^^^^^^^^^^^^^^^
    )
    ^
  File "C:\Users\Ibrahim Khan\AppData\Local\Programs\Python\Python313\Lib\site-packages\sqlalchemy\engine\default.py", line 951, in do_execute
    cursor.execute(statement, parameters)
    ~~~~~~~~~~~~~~^^^^^^^^^^^^^^^^^^^^^^^
sqlite3.OperationalError: no such column: user.failed_login_attempts

The above exception was the direct cause of the following exception:

Traceback (most recent call last):
  File "C:\Users\Ibrahim Khan\AppData\Local\Programs\Python\Python313\Lib\site-packages\flask\app.py", line 2190, in wsgi_app
    response = self.full_dispatch_request()
  File "C:\Users\Ibrahim Khan\AppData\Local\Programs\Python\Python313\Lib\site-packages\flask\app.py", line 1486, in full_dispatch_request
    rv = self.handle_user_exception(e)
  File "C:\Users\Ibrahim Khan\AppData\Local\Programs\Python\Python313\Lib\site-packages\flask\app.py", line 1484, in full_dispatch_request
    rv = self.dispatch_request()
  File "C:\Users\Ibrahim Khan\AppData\Local\Programs\Python\Python313\Lib\site-packages\flask\app.py", line 1469, in dispatch_request
    return self.ensure_sync(self.view_functions[rule.endpoint])(**view_args)
           ~~~~~~~~~~~~~~~~~~~~~~~~~~~~~~~~~~~~~~~~~~~~~~~~~~~~^^^^^^^^^^^^^
  File "d:\7th SEMESTER\FinTech_App\app.py", line 232, in register
    if form.validate_on_submit():
       ~~~~~~~~~~~~~~~~~~~~~~~^^
  File "C:\Users\Ibrahim Khan\AppData\Local\Programs\Python\Python313\Lib\site-packages\flask_wtf\form.py", line 86, in validate_on_submit
    return self.is_submitted() and self.validate(extra_validators=extra_validators)
                                   ~~~~~~~~~~~~~^^^^^^^^^^^^^^^^^^^^^^^^^^^^^^^^^^^
  File "C:\Users\Ibrahim Khan\AppData\Local\Programs\Python\Python313\Lib\site-packages\wtforms\form.py", line 330, in validate
    return super().validate(extra)
           ~~~~~~~~~~~~~~~~^^^^^^^
  File "C:\Users\Ibrahim Khan\AppData\Local\Programs\Python\Python313\Lib\site-packages\wtforms\form.py", line 147, in validate
    if not field.validate(self, extra):
           ~~~~~~~~~~~~~~^^^^^^^^^^^^^
  File "C:\Users\Ibrahim Khan\AppData\Local\Programs\Python\Python313\Lib\site-packages\wtforms\fields\core.py", line 234, in validate
    stop_validation = self._run_validation_chain(form, chain)
  File "C:\Users\Ibrahim Khan\AppData\Local\Programs\Python\Python313\Lib\site-packages\wtforms\fields\core.py", line 254, in _run_validation_chain
    validator(form, self)
    ~~~~~~~~~^^^^^^^^^^^^
  File "d:\7th SEMESTER\FinTech_App\app.py", line 135, in validate_username
    user = User.query.filter_by(username=username.data).first()
  File "C:\Users\Ibrahim Khan\AppData\Local\Programs\Python\Python313\Lib\site-packages\sqlalchemy\orm\query.py", line 2759, in first
    return self.limit(1)._iter().first()  # type: ignore
           ~~~~~~~~~~~~~~~~~~~^^
  File "C:\Users\Ibrahim Khan\AppData\Local\Programs\Python\Python313\Lib\site-packages\sqlalchemy\orm\query.py", line 2857, in _iter
    result: Union[ScalarResult[_T], Result[_T]] = self.session.execute(
                                                  ~~~~~~~~~~~~~~~~~~~~^
        statement,
        ^^^^^^^^^^
        params,
        ^^^^^^^
        execution_options={"_sa_orm_load_options": self.load_options},
        ^^^^^^^^^^^^^^^^^^^^^^^^^^^^^^^^^^^^^^^^^^^^^^^^^^^^^^^^^^^^^^
    )
    ^
  File "C:\Users\Ibrahim Khan\AppData\Local\Programs\Python\Python313\Lib\site-packages\sqlalchemy\orm\session.py", line 2351, in execute
    return self._execute_internal(
           ~~~~~~~~~~~~~~~~~~~~~~^
        statement,
        ^^^^^^^^^^
    ...<4 lines>...
        _add_event=_add_event,
        ^^^^^^^^^^^^^^^^^^^^^^
    )
    ^
  File "C:\Users\Ibrahim Khan\AppData\Local\Programs\Python\Python313\Lib\site-packages\sqlalchemy\orm\session.py", line 2249, in _execute_internal
    result: Result[Any] = compile_state_cls.orm_execute_statement(
                          ~~~~~~~~~~~~~~~~~~~~~~~~~~~~~~~~~~~~~~~^
        self,
        ^^^^^
    ...<4 lines>...
        conn,
        ^^^^^
    )
    ^
  File "C:\Users\Ibrahim Khan\AppData\Local\Programs\Python\Python313\Lib\site-packages\sqlalchemy\orm\context.py", line 306, in orm_execute_statement
    result = conn.execute(
        statement, params or {}, execution_options=execution_options
    )
  File "C:\Users\Ibrahim Khan\AppData\Local\Programs\Python\Python313\Lib\site-packages\sqlalchemy\engine\base.py", line 1419, in execute
    return meth(
        self,
        distilled_parameters,
        execution_options or NO_OPTIONS,
    )
  File "C:\Users\Ibrahim Khan\AppData\Local\Programs\Python\Python313\Lib\site-packages\sqlalchemy\sql\elements.py", line 526, in _execute_on_connection
    return connection._execute_clauseelement(
           ~~~~~~~~~~~~~~~~~~~~~~~~~~~~~~~~~^
        self, distilled_params, execution_options
        ^^^^^^^^^^^^^^^^^^^^^^^^^^^^^^^^^^^^^^^^^
    )
    ^
  File "C:\Users\Ibrahim Khan\AppData\Local\Programs\Python\Python313\Lib\site-packages\sqlalchemy\engine\base.py", line 1641, in _execute_clauseelement
    ret = self._execute_context(
        dialect,
    ...<8 lines>...
        cache_hit=cache_hit,
    )
  File "C:\Users\Ibrahim Khan\AppData\Local\Programs\Python\Python313\Lib\site-packages\sqlalchemy\engine\base.py", line 1846, in _execute_context
    return self._exec_single_context(
           ~~~~~~~~~~~~~~~~~~~~~~~~~^
        dialect, context, statement, parameters
        ^^^^^^^^^^^^^^^^^^^^^^^^^^^^^^^^^^^^^^^
    )
    ^
  File "C:\Users\Ibrahim Khan\AppData\Local\Programs\Python\Python313\Lib\site-packages\sqlalchemy\engine\base.py", line 1986, in _exec_single_context
    self._handle_dbapi_exception(
    ~~~~~~~~~~~~~~~~~~~~~~~~~~~~^
        e, str_statement, effective_parameters, cursor, context
        ^^^^^^^^^^^^^^^^^^^^^^^^^^^^^^^^^^^^^^^^^^^^^^^^^^^^^^^
    )
    ^
  File "C:\Users\Ibrahim Khan\AppData\Local\Programs\Python\Python313\Lib\site-packages\sqlalchemy\engine\base.py", line 2355, in _handle_dbapi_exception
    raise sqlalchemy_exception.with_traceback(exc_info[2]) from e
  File "C:\Users\Ibrahim Khan\AppData\Local\Programs\Python\Python313\Lib\site-packages\sqlalchemy\engine\base.py", line 1967, in _exec_single_context
    self.dialect.do_execute(
    ~~~~~~~~~~~~~~~~~~~~~~~^
        cursor, str_statement, effective_parameters, context
        ^^^^^^^^^^^^^^^^^^^^^^^^^^^^^^^^^^^^^^^^^^^^^^^^^^^^
    )
    ^
  File "C:\Users\Ibrahim Khan\AppData\Local\Programs\Python\Python313\Lib\site-packages\sqlalchemy\engine\default.py", line 951, in do_execute
    cursor.execute(statement, parameters)
    ~~~~~~~~~~~~~~^^^^^^^^^^^^^^^^^^^^^^^
sqlalchemy.exc.OperationalError: (sqlite3.OperationalError) no such column: user.failed_login_attempts
[SQL: SELECT user.id AS user_id, user.username AS user_username, user.email AS user_email, user.password_hash AS user_password_hash, user.balance AS user_balance, user.failed_login_attempts AS user_failed_login_attempts, user.account_locked_until AS user_account_locked_until 
FROM user 
WHERE user.username = ?
 LIMIT ? OFFSET ?]
[parameters: ('test', 1, 0)]
(Background on this error at: https://sqlalche.me/e/20/e3q8)
2025-11-02 14:16:21,949 - ERROR - Failed to create audit log: (sqlite3.OperationalError) table audit_log has no column named ip_address
[SQL: INSERT INTO audit_log (user_id, action, timestamp, details, ip_address, user_agent) VALUES (?, ?, ?, ?, ?, ?)]
[parameters: (None, 'Internal Error', '2025-11-02 09:16:21.948841', '500 error from 127.0.0.1', '127.0.0.1', 'Mozilla/5.0 (Windows NT 10.0; Win64; x64) AppleWebKit/537.36 (KHTML, like Gecko) Chrome/134.0.0.0 Safari/537.36')]
(Background on this error at: https://sqlalche.me/e/20/e3q8)
2025-11-02 14:16:21,949 - INFO - 127.0.0.1 - - [02/Nov/2025 14:16:21] "[35m[1mPOST /register HTTP/1.1[0m" 500 -
2025-11-02 14:16:59,664 - INFO - 127.0.0.1 - - [02/Nov/2025 14:16:59] "GET /login HTTP/1.1" 200 -
2025-11-02 14:16:59,686 - INFO - 127.0.0.1 - - [02/Nov/2025 14:16:59] "[36mGET /static/styles.css HTTP/1.1[0m" 304 -
2025-11-02 14:16:59,690 - INFO - 127.0.0.1 - - [02/Nov/2025 14:16:59] "[36mGET /static/scripts.js HTTP/1.1[0m" 304 -
2025-11-02 14:17:08,347 - ERROR - Failed to create audit log: (sqlite3.OperationalError) table audit_log has no column named ip_address
[SQL: INSERT INTO audit_log (user_id, action, timestamp, details, ip_address, user_agent) VALUES (?, ?, ?, ?, ?, ?)]
[parameters: (None, 'Login Error', '2025-11-02 09:17:08.346428', 'Login error from 127.0.0.1', '127.0.0.1', 'Mozilla/5.0 (Windows NT 10.0; Win64; x64) AppleWebKit/537.36 (KHTML, like Gecko) Chrome/134.0.0.0 Safari/537.36')]
(Background on this error at: https://sqlalche.me/e/20/e3q8)
2025-11-02 14:17:08,349 - INFO - 127.0.0.1 - - [02/Nov/2025 14:17:08] "POST /login HTTP/1.1" 200 -
2025-11-02 14:17:08,372 - INFO - 127.0.0.1 - - [02/Nov/2025 14:17:08] "[36mGET /static/styles.css HTTP/1.1[0m" 304 -
2025-11-02 14:17:08,378 - INFO - 127.0.0.1 - - [02/Nov/2025 14:17:08] "[36mGET /static/scripts.js HTTP/1.1[0m" 304 -
2025-11-02 14:18:22,667 - ERROR - Failed to create audit log: (sqlite3.OperationalError) table audit_log has no column named ip_address
[SQL: INSERT INTO audit_log (user_id, action, timestamp, details, ip_address, user_agent) VALUES (?, ?, ?, ?, ?, ?)]
[parameters: (None, 'Login Error', '2025-11-02 09:18:22.666770', 'Login error from 127.0.0.1', '127.0.0.1', 'Mozilla/5.0 (Windows NT 10.0; Win64; x64) AppleWebKit/537.36 (KHTML, like Gecko) Chrome/134.0.0.0 Safari/537.36')]
(Background on this error at: https://sqlalche.me/e/20/e3q8)
2025-11-02 14:18:22,669 - INFO - 127.0.0.1 - - [02/Nov/2025 14:18:22] "POST /login HTTP/1.1" 200 -
2025-11-02 14:18:22,698 - INFO - 127.0.0.1 - - [02/Nov/2025 14:18:22] "[36mGET /static/styles.css HTTP/1.1[0m" 304 -
2025-11-02 14:18:22,699 - INFO - 127.0.0.1 - - [02/Nov/2025 14:18:22] "[36mGET /static/scripts.js HTTP/1.1[0m" 304 -
2025-11-02 14:18:29,425 - INFO - 127.0.0.1 - - [02/Nov/2025 14:18:29] "GET / HTTP/1.1" 200 -
2025-11-02 14:18:29,449 - INFO - 127.0.0.1 - - [02/Nov/2025 14:18:29] "[36mGET /static/styles.css HTTP/1.1[0m" 304 -
2025-11-02 14:18:29,453 - INFO - 127.0.0.1 - - [02/Nov/2025 14:18:29] "[36mGET /static/scripts.js HTTP/1.1[0m" 304 -
2025-11-02 14:18:31,556 - INFO - 127.0.0.1 - - [02/Nov/2025 14:18:31] "GET /register HTTP/1.1" 200 -
2025-11-02 14:18:31,574 - INFO - 127.0.0.1 - - [02/Nov/2025 14:18:31] "[36mGET /static/styles.css HTTP/1.1[0m" 304 -
2025-11-02 14:18:31,577 - INFO - 127.0.0.1 - - [02/Nov/2025 14:18:31] "[36mGET /static/scripts.js HTTP/1.1[0m" 304 -
2025-11-02 14:18:46,274 - ERROR - Exception on /register [POST]
Traceback (most recent call last):
  File "C:\Users\Ibrahim Khan\AppData\Local\Programs\Python\Python313\Lib\site-packages\sqlalchemy\engine\base.py", line 1967, in _exec_single_context
    self.dialect.do_execute(
    ~~~~~~~~~~~~~~~~~~~~~~~^
        cursor, str_statement, effective_parameters, context
        ^^^^^^^^^^^^^^^^^^^^^^^^^^^^^^^^^^^^^^^^^^^^^^^^^^^^
    )
    ^
  File "C:\Users\Ibrahim Khan\AppData\Local\Programs\Python\Python313\Lib\site-packages\sqlalchemy\engine\default.py", line 951, in do_execute
    cursor.execute(statement, parameters)
    ~~~~~~~~~~~~~~^^^^^^^^^^^^^^^^^^^^^^^
sqlite3.OperationalError: no such column: user.failed_login_attempts

The above exception was the direct cause of the following exception:

Traceback (most recent call last):
  File "C:\Users\Ibrahim Khan\AppData\Local\Programs\Python\Python313\Lib\site-packages\flask\app.py", line 2190, in wsgi_app
    response = self.full_dispatch_request()
  File "C:\Users\Ibrahim Khan\AppData\Local\Programs\Python\Python313\Lib\site-packages\flask\app.py", line 1486, in full_dispatch_request
    rv = self.handle_user_exception(e)
  File "C:\Users\Ibrahim Khan\AppData\Local\Programs\Python\Python313\Lib\site-packages\flask\app.py", line 1484, in full_dispatch_request
    rv = self.dispatch_request()
  File "C:\Users\Ibrahim Khan\AppData\Local\Programs\Python\Python313\Lib\site-packages\flask\app.py", line 1469, in dispatch_request
    return self.ensure_sync(self.view_functions[rule.endpoint])(**view_args)
           ~~~~~~~~~~~~~~~~~~~~~~~~~~~~~~~~~~~~~~~~~~~~~~~~~~~~^^^^^^^^^^^^^
  File "d:\7th SEMESTER\FinTech_App\app.py", line 232, in register
    return render_template('home.html')
       ^^^^^^^^^^^^^^^^^^^^^^^^^
  File "C:\Users\Ibrahim Khan\AppData\Local\Programs\Python\Python313\Lib\site-packages\flask_wtf\form.py", line 86, in validate_on_submit
    return self.is_submitted() and self.validate(extra_validators=extra_validators)
                                   ~~~~~~~~~~~~~^^^^^^^^^^^^^^^^^^^^^^^^^^^^^^^^^^^
  File "C:\Users\Ibrahim Khan\AppData\Local\Programs\Python\Python313\Lib\site-packages\wtforms\form.py", line 330, in validate
    return super().validate(extra)
           ~~~~~~~~~~~~~~~~^^^^^^^
  File "C:\Users\Ibrahim Khan\AppData\Local\Programs\Python\Python313\Lib\site-packages\wtforms\form.py", line 147, in validate
    if not field.validate(self, extra):
           ~~~~~~~~~~~~~~^^^^^^^^^^^^^
  File "C:\Users\Ibrahim Khan\AppData\Local\Programs\Python\Python313\Lib\site-packages\wtforms\fields\core.py", line 234, in validate
    stop_validation = self._run_validation_chain(form, chain)
  File "C:\Users\Ibrahim Khan\AppData\Local\Programs\Python\Python313\Lib\site-packages\wtforms\fields\core.py", line 254, in _run_validation_chain
    validator(form, self)
    ~~~~~~~~~^^^^^^^^^^^^
  File "d:\7th SEMESTER\FinTech_App\app.py", line 135, in validate_username
  File "C:\Users\Ibrahim Khan\AppData\Local\Programs\Python\Python313\Lib\site-packages\sqlalchemy\orm\query.py", line 2759, in first
    return self.limit(1)._iter().first()  # type: ignore
           ~~~~~~~~~~~~~~~~~~~^^
  File "C:\Users\Ibrahim Khan\AppData\Local\Programs\Python\Python313\Lib\site-packages\sqlalchemy\orm\query.py", line 2857, in _iter
    result: Union[ScalarResult[_T], Result[_T]] = self.session.execute(
                                                  ~~~~~~~~~~~~~~~~~~~~^
        statement,
        ^^^^^^^^^^
        params,
        ^^^^^^^
        execution_options={"_sa_orm_load_options": self.load_options},
        ^^^^^^^^^^^^^^^^^^^^^^^^^^^^^^^^^^^^^^^^^^^^^^^^^^^^^^^^^^^^^^
    )
    ^
  File "C:\Users\Ibrahim Khan\AppData\Local\Programs\Python\Python313\Lib\site-packages\sqlalchemy\orm\session.py", line 2351, in execute
    return self._execute_internal(
           ~~~~~~~~~~~~~~~~~~~~~~^
        statement,
        ^^^^^^^^^^
    ...<4 lines>...
        _add_event=_add_event,
        ^^^^^^^^^^^^^^^^^^^^^^
    )
    ^
  File "C:\Users\Ibrahim Khan\AppData\Local\Programs\Python\Python313\Lib\site-packages\sqlalchemy\orm\session.py", line 2249, in _execute_internal
    result: Result[Any] = compile_state_cls.orm_execute_statement(
                          ~~~~~~~~~~~~~~~~~~~~~~~~~~~~~~~~~~~~~~~^
        self,
        ^^^^^
    ...<4 lines>...
        conn,
        ^^^^^
    )
    ^
  File "C:\Users\Ibrahim Khan\AppData\Local\Programs\Python\Python313\Lib\site-packages\sqlalchemy\orm\context.py", line 306, in orm_execute_statement
    result = conn.execute(
        statement, params or {}, execution_options=execution_options
    )
  File "C:\Users\Ibrahim Khan\AppData\Local\Programs\Python\Python313\Lib\site-packages\sqlalchemy\engine\base.py", line 1419, in execute
    return meth(
        self,
        distilled_parameters,
        execution_options or NO_OPTIONS,
    )
  File "C:\Users\Ibrahim Khan\AppData\Local\Programs\Python\Python313\Lib\site-packages\sqlalchemy\sql\elements.py", line 526, in _execute_on_connection
    return connection._execute_clauseelement(
           ~~~~~~~~~~~~~~~~~~~~~~~~~~~~~~~~~^
        self, distilled_params, execution_options
        ^^^^^^^^^^^^^^^^^^^^^^^^^^^^^^^^^^^^^^^^^
    )
    ^
  File "C:\Users\Ibrahim Khan\AppData\Local\Programs\Python\Python313\Lib\site-packages\sqlalchemy\engine\base.py", line 1641, in _execute_clauseelement
    ret = self._execute_context(
        dialect,
    ...<8 lines>...
        cache_hit=cache_hit,
    )
  File "C:\Users\Ibrahim Khan\AppData\Local\Programs\Python\Python313\Lib\site-packages\sqlalchemy\engine\base.py", line 1846, in _execute_context
    return self._exec_single_context(
           ~~~~~~~~~~~~~~~~~~~~~~~~~^
        dialect, context, statement, parameters
        ^^^^^^^^^^^^^^^^^^^^^^^^^^^^^^^^^^^^^^^
    )
    ^
  File "C:\Users\Ibrahim Khan\AppData\Local\Programs\Python\Python313\Lib\site-packages\sqlalchemy\engine\base.py", line 1986, in _exec_single_context
    self._handle_dbapi_exception(
    ~~~~~~~~~~~~~~~~~~~~~~~~~~~~^
        e, str_statement, effective_parameters, cursor, context
        ^^^^^^^^^^^^^^^^^^^^^^^^^^^^^^^^^^^^^^^^^^^^^^^^^^^^^^^
    )
    ^
  File "C:\Users\Ibrahim Khan\AppData\Local\Programs\Python\Python313\Lib\site-packages\sqlalchemy\engine\base.py", line 2355, in _handle_dbapi_exception
    raise sqlalchemy_exception.with_traceback(exc_info[2]) from e
  File "C:\Users\Ibrahim Khan\AppData\Local\Programs\Python\Python313\Lib\site-packages\sqlalchemy\engine\base.py", line 1967, in _exec_single_context
    self.dialect.do_execute(
    ~~~~~~~~~~~~~~~~~~~~~~~^
        cursor, str_statement, effective_parameters, context
        ^^^^^^^^^^^^^^^^^^^^^^^^^^^^^^^^^^^^^^^^^^^^^^^^^^^^
    )
    ^
  File "C:\Users\Ibrahim Khan\AppData\Local\Programs\Python\Python313\Lib\site-packages\sqlalchemy\engine\default.py", line 951, in do_execute
    cursor.execute(statement, parameters)
    ~~~~~~~~~~~~~~^^^^^^^^^^^^^^^^^^^^^^^
sqlalchemy.exc.OperationalError: (sqlite3.OperationalError) no such column: user.failed_login_attempts
[SQL: SELECT user.id AS user_id, user.username AS user_username, user.email AS user_email, user.password_hash AS user_password_hash, user.balance AS user_balance, user.failed_login_attempts AS user_failed_login_attempts, user.account_locked_until AS user_account_locked_until 
FROM user 
WHERE user.username = ?
 LIMIT ? OFFSET ?]
[parameters: ('test', 1, 0)]
(Background on this error at: https://sqlalche.me/e/20/e3q8)
2025-11-02 14:18:46,308 - ERROR - Failed to create audit log: (sqlite3.OperationalError) table audit_log has no column named ip_address
[SQL: INSERT INTO audit_log (user_id, action, timestamp, details, ip_address, user_agent) VALUES (?, ?, ?, ?, ?, ?)]
[parameters: (None, 'Internal Error', '2025-11-02 09:18:46.307757', '500 error from 127.0.0.1', '127.0.0.1', 'Mozilla/5.0 (Windows NT 10.0; Win64; x64) AppleWebKit/537.36 (KHTML, like Gecko) Chrome/134.0.0.0 Safari/537.36')]
(Background on this error at: https://sqlalche.me/e/20/e3q8)
2025-11-02 14:18:46,308 - INFO - 127.0.0.1 - - [02/Nov/2025 14:18:46] "[35m[1mPOST /register HTTP/1.1[0m" 500 -
2025-11-02 14:18:49,294 - INFO - 127.0.0.1 - - [02/Nov/2025 14:18:49] "GET / HTTP/1.1" 200 -
2025-11-02 14:18:49,313 - INFO - 127.0.0.1 - - [02/Nov/2025 14:18:49] "[36mGET /static/styles.css HTTP/1.1[0m" 304 -
2025-11-02 14:18:49,316 - INFO - 127.0.0.1 - - [02/Nov/2025 14:18:49] "[36mGET /static/scripts.js HTTP/1.1[0m" 304 -
2025-11-02 14:18:51,079 - INFO - 127.0.0.1 - - [02/Nov/2025 14:18:51] "GET /login HTTP/1.1" 200 -
2025-11-02 14:18:51,101 - INFO - 127.0.0.1 - - [02/Nov/2025 14:18:51] "[36mGET /static/styles.css HTTP/1.1[0m" 304 -
2025-11-02 14:18:51,102 - INFO - 127.0.0.1 - - [02/Nov/2025 14:18:51] "[36mGET /static/scripts.js HTTP/1.1[0m" 304 -
2025-11-02 14:19:28,834 - INFO - [31m[1mWARNING: This is a development server. Do not use it in a production deployment. Use a production WSGI server instead.[0m
 * Running on http://127.0.0.1:5000
2025-11-02 14:19:28,834 - INFO - [33mPress CTRL+C to quit[0m
2025-11-02 14:19:37,381 - INFO - 127.0.0.1 - - [02/Nov/2025 14:19:37] "[32mGET /dashboard HTTP/1.1[0m" 302 -
2025-11-02 14:19:37,692 - INFO - 127.0.0.1 - - [02/Nov/2025 14:19:37] "GET /login?next=/dashboard HTTP/1.1" 200 -
2025-11-02 14:19:53,554 - INFO - 127.0.0.1 - - [02/Nov/2025 14:19:53] "GET / HTTP/1.1" 200 -
2025-11-02 14:20:03,522 - INFO - 127.0.0.1 - - [02/Nov/2025 14:20:03] "GET /register HTTP/1.1" 200 -
2025-11-02 14:20:22,198 - ERROR - Exception on /register [POST]
Traceback (most recent call last):
  File "C:\Users\Ibrahim Khan\AppData\Local\Programs\Python\Python313\Lib\site-packages\sqlalchemy\engine\base.py", line 1967, in _exec_single_context
    self.dialect.do_execute(
    ~~~~~~~~~~~~~~~~~~~~~~~^
        cursor, str_statement, effective_parameters, context
        ^^^^^^^^^^^^^^^^^^^^^^^^^^^^^^^^^^^^^^^^^^^^^^^^^^^^
    )
    ^
  File "C:\Users\Ibrahim Khan\AppData\Local\Programs\Python\Python313\Lib\site-packages\sqlalchemy\engine\default.py", line 951, in do_execute
    cursor.execute(statement, parameters)
    ~~~~~~~~~~~~~~^^^^^^^^^^^^^^^^^^^^^^^
sqlite3.OperationalError: no such column: user.failed_login_attempts

The above exception was the direct cause of the following exception:

Traceback (most recent call last):
  File "C:\Users\Ibrahim Khan\AppData\Local\Programs\Python\Python313\Lib\site-packages\flask\app.py", line 2190, in wsgi_app
    response = self.full_dispatch_request()
  File "C:\Users\Ibrahim Khan\AppData\Local\Programs\Python\Python313\Lib\site-packages\flask\app.py", line 1486, in full_dispatch_request
    rv = self.handle_user_exception(e)
  File "C:\Users\Ibrahim Khan\AppData\Local\Programs\Python\Python313\Lib\site-packages\flask\app.py", line 1484, in full_dispatch_request
    rv = self.dispatch_request()
  File "C:\Users\Ibrahim Khan\AppData\Local\Programs\Python\Python313\Lib\site-packages\flask\app.py", line 1469, in dispatch_request
    return self.ensure_sync(self.view_functions[rule.endpoint])(**view_args)
           ~~~~~~~~~~~~~~~~~~~~~~~~~~~~~~~~~~~~~~~~~~~~~~~~~~~~^^^^^^^^^^^^^
  File "d:\7th SEMESTER\FinTech_App\app.py", line 239, in register
    if form.validate_on_submit():
       ~~~~~~~~~~~~~~~~~~~~~~~^^
  File "C:\Users\Ibrahim Khan\AppData\Local\Programs\Python\Python313\Lib\site-packages\flask_wtf\form.py", line 86, in validate_on_submit
    return self.is_submitted() and self.validate(extra_validators=extra_validators)
                                   ~~~~~~~~~~~~~^^^^^^^^^^^^^^^^^^^^^^^^^^^^^^^^^^^
  File "C:\Users\Ibrahim Khan\AppData\Local\Programs\Python\Python313\Lib\site-packages\wtforms\form.py", line 330, in validate
    return super().validate(extra)
           ~~~~~~~~~~~~~~~~^^^^^^^
  File "C:\Users\Ibrahim Khan\AppData\Local\Programs\Python\Python313\Lib\site-packages\wtforms\form.py", line 147, in validate
    if not field.validate(self, extra):
           ~~~~~~~~~~~~~~^^^^^^^^^^^^^
  File "C:\Users\Ibrahim Khan\AppData\Local\Programs\Python\Python313\Lib\site-packages\wtforms\fields\core.py", line 234, in validate
    stop_validation = self._run_validation_chain(form, chain)
  File "C:\Users\Ibrahim Khan\AppData\Local\Programs\Python\Python313\Lib\site-packages\wtforms\fields\core.py", line 254, in _run_validation_chain
    validator(form, self)
    ~~~~~~~~~^^^^^^^^^^^^
  File "d:\7th SEMESTER\FinTech_App\app.py", line 137, in validate_username
    user = User.query.filter_by(username=username.data).first()
  File "C:\Users\Ibrahim Khan\AppData\Local\Programs\Python\Python313\Lib\site-packages\sqlalchemy\orm\query.py", line 2759, in first
    return self.limit(1)._iter().first()  # type: ignore
           ~~~~~~~~~~~~~~~~~~~^^
  File "C:\Users\Ibrahim Khan\AppData\Local\Programs\Python\Python313\Lib\site-packages\sqlalchemy\orm\query.py", line 2857, in _iter
    result: Union[ScalarResult[_T], Result[_T]] = self.session.execute(
                                                  ~~~~~~~~~~~~~~~~~~~~^
        statement,
        ^^^^^^^^^^
        params,
        ^^^^^^^
        execution_options={"_sa_orm_load_options": self.load_options},
        ^^^^^^^^^^^^^^^^^^^^^^^^^^^^^^^^^^^^^^^^^^^^^^^^^^^^^^^^^^^^^^
    )
    ^
  File "C:\Users\Ibrahim Khan\AppData\Local\Programs\Python\Python313\Lib\site-packages\sqlalchemy\orm\session.py", line 2351, in execute
    return self._execute_internal(
           ~~~~~~~~~~~~~~~~~~~~~~^
        statement,
        ^^^^^^^^^^
    ...<4 lines>...
        _add_event=_add_event,
        ^^^^^^^^^^^^^^^^^^^^^^
    )
    ^
  File "C:\Users\Ibrahim Khan\AppData\Local\Programs\Python\Python313\Lib\site-packages\sqlalchemy\orm\session.py", line 2249, in _execute_internal
    result: Result[Any] = compile_state_cls.orm_execute_statement(
                          ~~~~~~~~~~~~~~~~~~~~~~~~~~~~~~~~~~~~~~~^
        self,
        ^^^^^
    ...<4 lines>...
        conn,
        ^^^^^
    )
    ^
  File "C:\Users\Ibrahim Khan\AppData\Local\Programs\Python\Python313\Lib\site-packages\sqlalchemy\orm\context.py", line 306, in orm_execute_statement
    result = conn.execute(
        statement, params or {}, execution_options=execution_options
    )
  File "C:\Users\Ibrahim Khan\AppData\Local\Programs\Python\Python313\Lib\site-packages\sqlalchemy\engine\base.py", line 1419, in execute
    return meth(
        self,
        distilled_parameters,
        execution_options or NO_OPTIONS,
    )
  File "C:\Users\Ibrahim Khan\AppData\Local\Programs\Python\Python313\Lib\site-packages\sqlalchemy\sql\elements.py", line 526, in _execute_on_connection
    return connection._execute_clauseelement(
           ~~~~~~~~~~~~~~~~~~~~~~~~~~~~~~~~~^
        self, distilled_params, execution_options
        ^^^^^^^^^^^^^^^^^^^^^^^^^^^^^^^^^^^^^^^^^
    )
    ^
  File "C:\Users\Ibrahim Khan\AppData\Local\Programs\Python\Python313\Lib\site-packages\sqlalchemy\engine\base.py", line 1641, in _execute_clauseelement
    ret = self._execute_context(
        dialect,
    ...<8 lines>...
        cache_hit=cache_hit,
    )
  File "C:\Users\Ibrahim Khan\AppData\Local\Programs\Python\Python313\Lib\site-packages\sqlalchemy\engine\base.py", line 1846, in _execute_context
    return self._exec_single_context(
           ~~~~~~~~~~~~~~~~~~~~~~~~~^
        dialect, context, statement, parameters
        ^^^^^^^^^^^^^^^^^^^^^^^^^^^^^^^^^^^^^^^
    )
    ^
  File "C:\Users\Ibrahim Khan\AppData\Local\Programs\Python\Python313\Lib\site-packages\sqlalchemy\engine\base.py", line 1986, in _exec_single_context
    self._handle_dbapi_exception(
    ~~~~~~~~~~~~~~~~~~~~~~~~~~~~^
        e, str_statement, effective_parameters, cursor, context
        ^^^^^^^^^^^^^^^^^^^^^^^^^^^^^^^^^^^^^^^^^^^^^^^^^^^^^^^
    )
    ^
  File "C:\Users\Ibrahim Khan\AppData\Local\Programs\Python\Python313\Lib\site-packages\sqlalchemy\engine\base.py", line 2355, in _handle_dbapi_exception
    raise sqlalchemy_exception.with_traceback(exc_info[2]) from e
  File "C:\Users\Ibrahim Khan\AppData\Local\Programs\Python\Python313\Lib\site-packages\sqlalchemy\engine\base.py", line 1967, in _exec_single_context
    self.dialect.do_execute(
    ~~~~~~~~~~~~~~~~~~~~~~~^
        cursor, str_statement, effective_parameters, context
        ^^^^^^^^^^^^^^^^^^^^^^^^^^^^^^^^^^^^^^^^^^^^^^^^^^^^
    )
    ^
  File "C:\Users\Ibrahim Khan\AppData\Local\Programs\Python\Python313\Lib\site-packages\sqlalchemy\engine\default.py", line 951, in do_execute
    cursor.execute(statement, parameters)
    ~~~~~~~~~~~~~~^^^^^^^^^^^^^^^^^^^^^^^
sqlalchemy.exc.OperationalError: (sqlite3.OperationalError) no such column: user.failed_login_attempts
[SQL: SELECT user.id AS user_id, user.username AS user_username, user.email AS user_email, user.password_hash AS user_password_hash, user.balance AS user_balance, user.failed_login_attempts AS user_failed_login_attempts, user.account_locked_until AS user_account_locked_until 
FROM user 
WHERE user.username = ?
 LIMIT ? OFFSET ?]
[parameters: ('test', 1, 0)]
(Background on this error at: https://sqlalche.me/e/20/e3q8)
2025-11-02 14:20:22,217 - ERROR - Failed to create audit log: (sqlite3.OperationalError) table audit_log has no column named ip_address
[SQL: INSERT INTO audit_log (user_id, action, timestamp, details, ip_address, user_agent) VALUES (?, ?, ?, ?, ?, ?)]
[parameters: (None, 'Internal Error', '2025-11-02 09:20:22.216220', '500 error from 127.0.0.1', '127.0.0.1', 'Mozilla/5.0 (Windows NT 10.0; Win64; x64) AppleWebKit/537.36 (KHTML, like Gecko) Chrome/134.0.0.0 Safari/537.36')]
(Background on this error at: https://sqlalche.me/e/20/e3q8)
2025-11-02 14:20:22,220 - INFO - 127.0.0.1 - - [02/Nov/2025 14:20:22] "[35m[1mPOST /register HTTP/1.1[0m" 500 -
2025-11-02 14:20:45,281 - INFO - 127.0.0.1 - - [02/Nov/2025 14:20:45] "GET /login HTTP/1.1" 200 -
2025-11-02 14:20:53,742 - ERROR - Failed to create audit log: (sqlite3.OperationalError) table audit_log has no column named ip_address
[SQL: INSERT INTO audit_log (user_id, action, timestamp, details, ip_address, user_agent) VALUES (?, ?, ?, ?, ?, ?)]
[parameters: (None, 'Login Error', '2025-11-02 09:20:53.741962', 'Login error from 127.0.0.1', '127.0.0.1', 'Mozilla/5.0 (Windows NT 10.0; Win64; x64) AppleWebKit/537.36 (KHTML, like Gecko) Chrome/134.0.0.0 Safari/537.36')]
(Background on this error at: https://sqlalche.me/e/20/e3q8)
2025-11-02 14:20:53,743 - INFO - 127.0.0.1 - - [02/Nov/2025 14:20:53] "POST /login HTTP/1.1" 200 -
2025-11-02 14:21:25,820 - INFO - [31m[1mWARNING: This is a development server. Do not use it in a production deployment. Use a production WSGI server instead.[0m
 * Running on http://127.0.0.1:5000
2025-11-02 14:21:25,820 - INFO - [33mPress CTRL+C to quit[0m
2025-11-02 14:21:33,290 - INFO - The CSRF token is invalid.
2025-11-02 14:21:33,315 - INFO - 127.0.0.1 - - [02/Nov/2025 14:21:33] "POST /login HTTP/1.1" 200 -
2025-11-02 14:21:37,449 - INFO - 127.0.0.1 - - [02/Nov/2025 14:21:37] "GET / HTTP/1.1" 200 -
2025-11-02 14:21:39,711 - INFO - 127.0.0.1 - - [02/Nov/2025 14:21:39] "GET /register HTTP/1.1" 200 -
2025-11-02 14:21:55,762 - INFO - 127.0.0.1 - - [02/Nov/2025 14:21:55] "[35m[1mPOST /register HTTP/1.1[0m" 500 -
2025-11-02 14:21:55,920 - INFO - 127.0.0.1 - - [02/Nov/2025 14:21:55] "GET /register?__debugger__=yes&cmd=resource&f=style.css HTTP/1.1" 200 -
2025-11-02 14:21:56,158 - INFO - 127.0.0.1 - - [02/Nov/2025 14:21:56] "GET /register?__debugger__=yes&cmd=resource&f=debugger.js HTTP/1.1" 200 -
2025-11-02 14:21:56,537 - INFO - 127.0.0.1 - - [02/Nov/2025 14:21:56] "GET /register?__debugger__=yes&cmd=resource&f=console.png&s=eJnISkkIfIS0eoybnjYG HTTP/1.1" 200 -
2025-11-02 14:21:56,800 - INFO - 127.0.0.1 - - [02/Nov/2025 14:21:56] "GET /register?__debugger__=yes&cmd=resource&f=console.png HTTP/1.1" 200 -
2025-11-02 14:22:42,548 - INFO - 127.0.0.1 - - [02/Nov/2025 14:22:42] "[32mGET /dashboard HTTP/1.1[0m" 302 -
2025-11-02 14:22:42,899 - INFO - 127.0.0.1 - - [02/Nov/2025 14:22:42] "GET /login?next=/dashboard HTTP/1.1" 200 -
2025-11-02 14:22:51,030 - INFO - 127.0.0.1 - - [02/Nov/2025 14:22:51] "[32mGET /dashboard HTTP/1.1[0m" 302 -
2025-11-02 14:22:51,290 - INFO - 127.0.0.1 - - [02/Nov/2025 14:22:51] "GET /login?next=/dashboard HTTP/1.1" 200 -
2025-11-02 14:22:53,944 - INFO - 127.0.0.1 - - [02/Nov/2025 14:22:53] "GET /login HTTP/1.1" 200 -
2025-11-02 14:25:13,343 - INFO - [31m[1mWARNING: This is a development server. Do not use it in a production deployment. Use a production WSGI server instead.[0m
 * Running on http://127.0.0.1:5000
2025-11-02 14:25:13,344 - INFO - [33mPress CTRL+C to quit[0m
2025-11-02 14:25:14,642 - INFO - 127.0.0.1 - - [02/Nov/2025 14:25:14] "GET /login HTTP/1.1" 200 -
2025-11-02 14:25:18,007 - INFO - 127.0.0.1 - - [02/Nov/2025 14:25:18] "GET /login HTTP/1.1" 200 -
2025-11-02 14:25:21,342 - INFO - 127.0.0.1 - - [02/Nov/2025 14:25:21] "GET /register HTTP/1.1" 200 -
2025-11-02 14:25:43,466 - INFO - User 1: User Registration - New user test registered
2025-11-02 14:25:43,467 - INFO - 127.0.0.1 - - [02/Nov/2025 14:25:43] "[32mPOST /register HTTP/1.1[0m" 302 -
2025-11-02 14:25:43,796 - INFO - 127.0.0.1 - - [02/Nov/2025 14:25:43] "GET /login HTTP/1.1" 200 -
2025-11-02 14:25:53,566 - INFO - User 1: Login Success - User test logged in
2025-11-02 14:25:53,567 - INFO - 127.0.0.1 - - [02/Nov/2025 14:25:53] "[32mPOST /login HTTP/1.1[0m" 302 -
2025-11-02 14:25:53,623 - INFO - 127.0.0.1 - - [02/Nov/2025 14:25:53] "GET /dashboard HTTP/1.1" 200 -
2025-11-02 14:25:56,676 - INFO - 127.0.0.1 - - [02/Nov/2025 14:25:56] "GET /dashboard HTTP/1.1" 200 -
2025-11-02 14:25:59,060 - INFO - 127.0.0.1 - - [02/Nov/2025 14:25:59] "GET /transfer HTTP/1.1" 200 -
2025-11-02 14:27:16,995 - INFO - 127.0.0.1 - - [02/Nov/2025 14:27:16] "GET /transfer HTTP/1.1" 200 -
2025-11-02 14:27:18,146 - INFO - 127.0.0.1 - - [02/Nov/2025 14:27:18] "GET /dashboard HTTP/1.1" 200 -
2025-11-02 14:27:23,742 - INFO - 127.0.0.1 - - [02/Nov/2025 14:27:23] "GET /upload HTTP/1.1" 200 -
2025-11-02 14:30:05,532 - INFO - 127.0.0.1 - - [02/Nov/2025 14:30:05] "GET / HTTP/1.1" 200 -
2025-11-02 14:30:21,044 - INFO - 127.0.0.1 - - [02/Nov/2025 14:30:21] "GET /dashboard HTTP/1.1" 200 -
2025-11-02 14:30:26,168 - INFO - User 1: Logout - User test logged out from 127.0.0.1
2025-11-02 14:30:26,168 - INFO - 127.0.0.1 - - [02/Nov/2025 14:30:26] "[32mGET /logout HTTP/1.1[0m" 302 -
2025-11-02 14:30:26,476 - INFO - 127.0.0.1 - - [02/Nov/2025 14:30:26] "GET / HTTP/1.1" 200 -
2025-11-02 14:31:37,433 - INFO - 127.0.0.1 - - [02/Nov/2025 14:31:37] "GET /login HTTP/1.1" 200 -
2025-11-02 14:31:48,043 - INFO - User 1: Login Success - User test logged in
2025-11-02 14:31:48,044 - INFO - 127.0.0.1 - - [02/Nov/2025 14:31:48] "[32mPOST /login HTTP/1.1[0m" 302 -
2025-11-02 14:31:48,051 - INFO - 127.0.0.1 - - [02/Nov/2025 14:31:48] "GET /dashboard HTTP/1.1" 200 -
2025-11-02 14:32:09,662 - INFO - 127.0.0.1 - - [02/Nov/2025 14:32:09] "GET /deposit HTTP/1.1" 200 -
2025-11-02 14:32:17,730 - INFO - 127.0.0.1 - - [02/Nov/2025 14:32:17] "GET /transactions HTTP/1.1" 200 -
2025-11-02 14:32:18,869 - INFO - 127.0.0.1 - - [02/Nov/2025 14:32:18] "GET /transfer HTTP/1.1" 200 -
2025-11-02 14:32:27,505 - INFO - 127.0.0.1 - - [02/Nov/2025 14:32:27] "POST /transfer HTTP/1.1" 200 -
2025-11-02 14:32:34,870 - INFO - 127.0.0.1 - - [02/Nov/2025 14:32:34] "GET /transactions HTTP/1.1" 200 -
2025-11-02 14:32:37,157 - INFO - 127.0.0.1 - - [02/Nov/2025 14:32:37] "GET /dashboard HTTP/1.1" 200 -
2025-11-02 14:32:38,934 - INFO - 127.0.0.1 - - [02/Nov/2025 14:32:38] "GET /upload HTTP/1.1" 200 -
2025-11-02 14:32:48,836 - INFO - 127.0.0.1 - - [02/Nov/2025 14:32:48] "POST /upload HTTP/1.1" 200 -
2025-11-02 14:33:17,574 - INFO - 127.0.0.1 - - [02/Nov/2025 14:33:17] "GET /transactions HTTP/1.1" 200 -
2025-11-02 14:33:18,358 - INFO - 127.0.0.1 - - [02/Nov/2025 14:33:18] "GET /transfer HTTP/1.1" 200 -
2025-11-02 14:33:23,239 - INFO - 127.0.0.1 - - [02/Nov/2025 14:33:23] "GET / HTTP/1.1" 200 -
2025-11-02 14:33:28,221 - INFO - 127.0.0.1 - - [02/Nov/2025 14:33:28] "GET /dashboard HTTP/1.1" 200 -
2025-11-02 14:33:31,518 - INFO - 127.0.0.1 - - [02/Nov/2025 14:33:31] "GET /profile HTTP/1.1" 200 -
2025-11-02 14:33:33,517 - INFO - User 1: Profile Update - Updated profile: username from test to test, email from test@email.com to test@email.com
2025-11-02 14:33:33,518 - INFO - 127.0.0.1 - - [02/Nov/2025 14:33:33] "[32mPOST /profile HTTP/1.1[0m" 302 -
2025-11-02 14:33:33,787 - INFO - 127.0.0.1 - - [02/Nov/2025 14:33:33] "GET /profile HTTP/1.1" 200 -
2025-11-02 14:34:31,555 - INFO - User 1: Logout - User test logged out from 127.0.0.1
2025-11-02 14:34:31,556 - INFO - 127.0.0.1 - - [02/Nov/2025 14:34:31] "[32mGET /logout HTTP/1.1[0m" 302 -
2025-11-02 14:34:31,846 - INFO - 127.0.0.1 - - [02/Nov/2025 14:34:31] "GET / HTTP/1.1" 200 -
2025-11-02 14:34:36,246 - INFO - 127.0.0.1 - - [02/Nov/2025 14:34:36] "[32mGET /dashboard HTTP/1.1[0m" 302 -
2025-11-02 14:34:36,271 - INFO - 127.0.0.1 - - [02/Nov/2025 14:34:36] "GET /login?next=/dashboard HTTP/1.1" 200 -
2025-11-02 14:36:36,121 - INFO - 127.0.0.1 - - [02/Nov/2025 14:36:36] "[32mGET /dashboard HTTP/1.1[0m" 302 -
2025-11-02 14:36:36,426 - INFO - 127.0.0.1 - - [02/Nov/2025 14:36:36] "GET /login?next=/dashboard HTTP/1.1" 200 -
2025-11-02 14:36:38,129 - INFO - 127.0.0.1 - - [02/Nov/2025 14:36:38] "GET / HTTP/1.1" 200 -
2025-11-02 14:36:45,542 - INFO - 127.0.0.1 - - [02/Nov/2025 14:36:45] "GET /login HTTP/1.1" 200 -
2025-11-02 14:37:23,864 - INFO - 127.0.0.1 - - [02/Nov/2025 14:37:23] "POST /login HTTP/1.1" 200 -
2025-11-02 14:37:40,513 - INFO - 127.0.0.1 - - [02/Nov/2025 14:37:40] "GET /register HTTP/1.1" 200 -
2025-11-02 14:39:02,872 - INFO - 127.0.0.1 - - [02/Nov/2025 14:39:02] "POST /register HTTP/1.1" 200 -
2025-11-02 14:39:31,621 - INFO - 127.0.0.1 - - [02/Nov/2025 14:39:31] "[32mGET /dashboard HTTP/1.1[0m" 302 -
2025-11-02 14:39:31,633 - INFO - 127.0.0.1 - - [02/Nov/2025 14:39:31] "GET /login?next=/dashboard HTTP/1.1" 200 -
2025-11-02 14:40:05,938 - INFO - User 1: Login Success - User test logged in
2025-11-02 14:40:05,938 - INFO - 127.0.0.1 - - [02/Nov/2025 14:40:05] "[32mPOST /login?next=/dashboard HTTP/1.1[0m" 302 -
2025-11-02 14:40:05,974 - INFO - User 1: Dashboard Error - Dashboard access error for user test
2025-11-02 14:40:05,975 - INFO - 127.0.0.1 - - [02/Nov/2025 14:40:05] "[32mGET /dashboard HTTP/1.1[0m" 302 -
2025-11-02 14:40:05,981 - INFO - 127.0.0.1 - - [02/Nov/2025 14:40:05] "GET / HTTP/1.1" 200 -
2025-11-02 14:40:10,932 - INFO - User 1: Dashboard Error - Dashboard access error for user test
2025-11-02 14:40:10,933 - INFO - 127.0.0.1 - - [02/Nov/2025 14:40:10] "[32mGET /dashboard HTTP/1.1[0m" 302 -
2025-11-02 14:40:11,180 - INFO - 127.0.0.1 - - [02/Nov/2025 14:40:11] "GET / HTTP/1.1" 200 -
2025-11-02 14:40:12,529 - INFO - 127.0.0.1 - - [02/Nov/2025 14:40:12] "GET /transfer HTTP/1.1" 200 -
2025-11-02 14:40:14,094 - INFO - 127.0.0.1 - - [02/Nov/2025 14:40:14] "GET /transactions HTTP/1.1" 200 -
2025-11-02 14:40:16,806 - INFO - 127.0.0.1 - - [02/Nov/2025 14:40:16] "GET / HTTP/1.1" 200 -
2025-11-02 14:40:20,517 - INFO - User 1: Dashboard Error - Dashboard access error for user test
2025-11-02 14:40:20,518 - INFO - 127.0.0.1 - - [02/Nov/2025 14:40:20] "[32mGET /dashboard HTTP/1.1[0m" 302 -
2025-11-02 14:40:20,814 - INFO - 127.0.0.1 - - [02/Nov/2025 14:40:20] "GET / HTTP/1.1" 200 -
2025-11-02 14:40:25,406 - INFO - User 1: Dashboard Error - Dashboard access error for user test
2025-11-02 14:40:25,407 - INFO - 127.0.0.1 - - [02/Nov/2025 14:40:25] "[32mGET /dashboard HTTP/1.1[0m" 302 -
2025-11-02 14:40:25,661 - INFO - 127.0.0.1 - - [02/Nov/2025 14:40:25] "GET / HTTP/1.1" 200 -
2025-11-02 14:40:26,358 - INFO - 127.0.0.1 - - [02/Nov/2025 14:40:26] "GET /transfer HTTP/1.1" 200 -
2025-11-02 14:40:30,803 - INFO - User 1: Logout - User test logged out from 127.0.0.1
2025-11-02 14:40:30,804 - INFO - 127.0.0.1 - - [02/Nov/2025 14:40:30] "[32mGET /logout HTTP/1.1[0m" 302 -
2025-11-02 14:40:30,811 - INFO - 127.0.0.1 - - [02/Nov/2025 14:40:30] "GET / HTTP/1.1" 200 -
2025-11-02 14:41:25,167 - INFO - 127.0.0.1 - - [02/Nov/2025 14:41:25] "GET /login HTTP/1.1" 200 -
2025-11-02 14:41:33,574 - INFO - User 1: Login Success - User test logged in
2025-11-02 14:41:33,575 - INFO - 127.0.0.1 - - [02/Nov/2025 14:41:33] "[32mPOST /login HTTP/1.1[0m" 302 -
2025-11-02 14:41:33,596 - INFO - User 1: Dashboard Error - Dashboard access error for user test
2025-11-02 14:41:33,597 - INFO - 127.0.0.1 - - [02/Nov/2025 14:41:33] "[32mGET /dashboard HTTP/1.1[0m" 302 -
2025-11-02 14:41:33,917 - INFO - 127.0.0.1 - - [02/Nov/2025 14:41:33] "GET / HTTP/1.1" 200 -
2025-11-02 14:41:43,086 - INFO - User 1: Dashboard Error - Dashboard access error for user test
2025-11-02 14:41:43,087 - INFO - 127.0.0.1 - - [02/Nov/2025 14:41:43] "[32mGET /dashboard HTTP/1.1[0m" 302 -
2025-11-02 14:41:43,242 - INFO - 127.0.0.1 - - [02/Nov/2025 14:41:43] "GET / HTTP/1.1" 200 -
2025-11-02 14:41:51,820 - INFO - 127.0.0.1 - - [02/Nov/2025 14:41:51] "GET /transactions HTTP/1.1" 200 -
2025-11-02 14:41:56,393 - INFO - 127.0.0.1 - - [02/Nov/2025 14:41:56] "GET /upload HTTP/1.1" 200 -
2025-11-02 14:42:15,482 - INFO - 127.0.0.1 - - [02/Nov/2025 14:42:15] "POST /upload HTTP/1.1" 200 -
2025-11-02 14:42:42,148 - INFO - 127.0.0.1 - - [02/Nov/2025 14:42:42] "GET /transfer HTTP/1.1" 200 -
2025-11-02 14:42:45,264 - INFO - 127.0.0.1 - - [02/Nov/2025 14:42:45] "[33mGET /transfer/1 HTTP/1.1[0m" 404 -
2025-11-02 14:43:05,699 - INFO - 127.0.0.1 - - [02/Nov/2025 14:43:05] "GET /transfer HTTP/1.1" 200 -
2025-11-02 14:43:17,227 - INFO - 127.0.0.1 - - [02/Nov/2025 14:43:17] "POST /transfer HTTP/1.1" 200 -
2025-11-02 14:43:20,806 - INFO - 127.0.0.1 - - [02/Nov/2025 14:43:20] "GET /transfer HTTP/1.1" 200 -
2025-11-02 14:43:25,474 - INFO - 127.0.0.1 - - [02/Nov/2025 14:43:25] "GET / HTTP/1.1" 200 -
2025-11-02 14:43:26,745 - INFO - 127.0.0.1 - - [02/Nov/2025 14:43:26] "GET /transfer HTTP/1.1" 200 -
2025-11-02 14:43:42,126 - INFO - 127.0.0.1 - - [02/Nov/2025 14:43:42] "POST /transfer HTTP/1.1" 200 -
2025-11-02 14:43:47,118 - INFO - 127.0.0.1 - - [02/Nov/2025 14:43:47] "POST /transfer HTTP/1.1" 200 -
2025-11-02 14:43:48,828 - INFO - 127.0.0.1 - - [02/Nov/2025 14:43:48] "GET /transactions HTTP/1.1" 200 -
2025-11-02 14:43:50,542 - INFO - User 1: Dashboard Error - Dashboard access error for user test
2025-11-02 14:43:50,543 - INFO - 127.0.0.1 - - [02/Nov/2025 14:43:50] "[32mGET /dashboard HTTP/1.1[0m" 302 -
2025-11-02 14:43:50,742 - INFO - 127.0.0.1 - - [02/Nov/2025 14:43:50] "GET / HTTP/1.1" 200 -
2025-11-02 14:43:56,934 - INFO - 127.0.0.1 - - [02/Nov/2025 14:43:56] "GET /transfer HTTP/1.1" 200 -
2025-11-02 14:45:24,223 - INFO - User 1: Logout - User test logged out from 127.0.0.1
2025-11-02 14:45:24,224 - INFO - 127.0.0.1 - - [02/Nov/2025 14:45:24] "[32mGET /logout HTTP/1.1[0m" 302 -
2025-11-02 14:45:24,520 - INFO - 127.0.0.1 - - [02/Nov/2025 14:45:24] "GET / HTTP/1.1" 200 -
2025-11-02 14:45:27,194 - INFO - 127.0.0.1 - - [02/Nov/2025 14:45:27] "GET /login HTTP/1.1" 200 -
2025-11-02 14:45:29,249 - INFO - 127.0.0.1 - - [02/Nov/2025 14:45:29] "GET /register HTTP/1.1" 200 -
2025-11-02 14:45:48,828 - INFO - 127.0.0.1 - - [02/Nov/2025 14:45:48] "POST /register HTTP/1.1" 200 -
2025-11-02 14:46:11,954 - INFO - 127.0.0.1 - - [02/Nov/2025 14:46:11] "GET /login HTTP/1.1" 200 -
2025-11-02 14:46:23,317 - INFO - User 1: Login Success - User test logged in
2025-11-02 14:46:23,318 - INFO - 127.0.0.1 - - [02/Nov/2025 14:46:23] "[32mPOST /login HTTP/1.1[0m" 302 -
2025-11-02 14:46:23,343 - INFO - User 1: Dashboard Error - Dashboard access error for user test
2025-11-02 14:46:23,344 - INFO - 127.0.0.1 - - [02/Nov/2025 14:46:23] "[32mGET /dashboard HTTP/1.1[0m" 302 -
2025-11-02 14:46:23,351 - INFO - 127.0.0.1 - - [02/Nov/2025 14:46:23] "GET / HTTP/1.1" 200 -
2025-11-02 14:46:31,111 - INFO - 127.0.0.1 - - [02/Nov/2025 14:46:31] "GET /transfer HTTP/1.1" 200 -
2025-11-02 14:46:47,819 - INFO - 127.0.0.1 - - [02/Nov/2025 14:46:47] "[35m[1mPOST /transfer HTTP/1.1[0m" 500 -
2025-11-02 14:46:47,987 - INFO - 127.0.0.1 - - [02/Nov/2025 14:46:47] "GET /transfer?__debugger__=yes&cmd=resource&f=style.css HTTP/1.1" 200 -
2025-11-02 14:46:47,991 - INFO - 127.0.0.1 - - [02/Nov/2025 14:46:47] "GET /transfer?__debugger__=yes&cmd=resource&f=debugger.js HTTP/1.1" 200 -
2025-11-02 14:46:48,389 - INFO - 127.0.0.1 - - [02/Nov/2025 14:46:48] "GET /transfer?__debugger__=yes&cmd=resource&f=console.png&s=dmEoziQzarr02ETxmZRL HTTP/1.1" 200 -
2025-11-02 14:46:48,661 - INFO - 127.0.0.1 - - [02/Nov/2025 14:46:48] "GET /transfer?__debugger__=yes&cmd=resource&f=console.png HTTP/1.1" 200 -
2025-11-02 14:47:09,047 - INFO - 127.0.0.1 - - [02/Nov/2025 14:47:09] "[35m[1mPOST /transfer HTTP/1.1[0m" 500 -
2025-11-02 14:47:09,069 - INFO - 127.0.0.1 - - [02/Nov/2025 14:47:09] "[36mGET /transfer?__debugger__=yes&cmd=resource&f=style.css HTTP/1.1[0m" 304 -
2025-11-02 14:47:09,151 - INFO - 127.0.0.1 - - [02/Nov/2025 14:47:09] "[36mGET /transfer?__debugger__=yes&cmd=resource&f=debugger.js HTTP/1.1[0m" 304 -
2025-11-02 14:47:09,476 - INFO - 127.0.0.1 - - [02/Nov/2025 14:47:09] "[36mGET /transfer?__debugger__=yes&cmd=resource&f=console.png&s=dmEoziQzarr02ETxmZRL HTTP/1.1[0m" 304 -
2025-11-02 14:47:09,736 - INFO - 127.0.0.1 - - [02/Nov/2025 14:47:09] "[36mGET /transfer?__debugger__=yes&cmd=resource&f=console.png HTTP/1.1[0m" 304 -
2025-11-02 14:47:10,970 - INFO - User 1: Dashboard Error - Dashboard access error for user test
2025-11-02 14:47:10,971 - INFO - 127.0.0.1 - - [02/Nov/2025 14:47:10] "[32mGET /dashboard HTTP/1.1[0m" 302 -
2025-11-02 14:47:11,304 - INFO - 127.0.0.1 - - [02/Nov/2025 14:47:11] "[35m[1mGET / HTTP/1.1[0m" 500 -
2025-11-02 14:47:12,464 - INFO - 127.0.0.1 - - [02/Nov/2025 14:47:12] "[35m[1mGET / HTTP/1.1[0m" 500 -
2025-11-02 14:47:12,759 - INFO - 127.0.0.1 - - [02/Nov/2025 14:47:12] "GET /?__debugger__=yes&cmd=resource&f=style.css HTTP/1.1" 200 -
2025-11-02 14:47:12,805 - INFO - 127.0.0.1 - - [02/Nov/2025 14:47:12] "GET /?__debugger__=yes&cmd=resource&f=debugger.js HTTP/1.1" 200 -
2025-11-02 14:47:13,131 - INFO - 127.0.0.1 - - [02/Nov/2025 14:47:13] "GET /?__debugger__=yes&cmd=resource&f=console.png&s=dmEoziQzarr02ETxmZRL HTTP/1.1" 200 -
2025-11-02 14:47:13,393 - INFO - 127.0.0.1 - - [02/Nov/2025 14:47:13] "GET /?__debugger__=yes&cmd=resource&f=console.png HTTP/1.1" 200 -
2025-11-02 14:47:42,664 - INFO - [31m[1mWARNING: This is a development server. Do not use it in a production deployment. Use a production WSGI server instead.[0m
 * Running on http://127.0.0.1:5000
2025-11-02 14:47:42,664 - INFO - [33mPress CTRL+C to quit[0m
2025-11-02 14:47:49,584 - INFO - 127.0.0.1 - - [02/Nov/2025 14:47:49] "GET / HTTP/1.1" 200 -
2025-11-02 14:48:02,117 - INFO - 127.0.0.1 - - [02/Nov/2025 14:48:02] "GET /login HTTP/1.1" 200 -
2025-11-02 14:48:10,109 - INFO - User None: Login Attempt Failed - Failed login attempt for non-existent user: test@email.com
2025-11-02 14:48:10,111 - INFO - 127.0.0.1 - - [02/Nov/2025 14:48:10] "POST /login HTTP/1.1" 200 -
2025-11-02 14:48:28,957 - INFO - User None: Login Attempt Failed - Failed login attempt for non-existent user: test@email.com
2025-11-02 14:48:28,958 - INFO - 127.0.0.1 - - [02/Nov/2025 14:48:28] "POST /login HTTP/1.1" 200 -
2025-11-02 14:48:40,857 - INFO - User None: Login Attempt Failed - Failed login attempt for non-existent user: test@email.com
2025-11-02 14:48:40,858 - INFO - 127.0.0.1 - - [02/Nov/2025 14:48:40] "POST /login HTTP/1.1" 200 -
2025-11-02 14:48:43,250 - INFO - 127.0.0.1 - - [02/Nov/2025 14:48:43] "GET /register HTTP/1.1" 200 -
2025-11-02 14:49:00,805 - INFO - 127.0.0.1 - - [02/Nov/2025 14:49:00] "POST /register HTTP/1.1" 200 -
2025-11-02 14:49:16,265 - INFO - User 1: User Registration - New user test registered successfully
2025-11-02 14:49:16,266 - INFO - 127.0.0.1 - - [02/Nov/2025 14:49:16] "[32mPOST /register HTTP/1.1[0m" 302 -
2025-11-02 14:49:16,280 - INFO - 127.0.0.1 - - [02/Nov/2025 14:49:16] "GET /login HTTP/1.1" 200 -
2025-11-02 14:49:26,101 - INFO - User 1: Login Success - User test logged in successfully
2025-11-02 14:49:26,101 - INFO - 127.0.0.1 - - [02/Nov/2025 14:49:26] "[32mPOST /login HTTP/1.1[0m" 302 -
2025-11-02 14:49:26,127 - INFO - User 1: Dashboard Error - Dashboard access error for user test
2025-11-02 14:49:26,128 - INFO - 127.0.0.1 - - [02/Nov/2025 14:49:26] "[32mGET /dashboard HTTP/1.1[0m" 302 -
2025-11-02 14:49:26,133 - INFO - 127.0.0.1 - - [02/Nov/2025 14:49:26] "GET / HTTP/1.1" 200 -
2025-11-02 14:49:29,439 - INFO - 127.0.0.1 - - [02/Nov/2025 14:49:29] "GET / HTTP/1.1" 200 -
2025-11-02 14:49:30,526 - INFO - User 1: Dashboard Error - Dashboard access error for user test
2025-11-02 14:49:30,527 - INFO - 127.0.0.1 - - [02/Nov/2025 14:49:30] "[32mGET /dashboard HTTP/1.1[0m" 302 -
2025-11-02 14:49:30,533 - INFO - 127.0.0.1 - - [02/Nov/2025 14:49:30] "GET / HTTP/1.1" 200 -
2025-11-02 14:49:33,283 - INFO - 127.0.0.1 - - [02/Nov/2025 14:49:33] "GET /transfer HTTP/1.1" 200 -
2025-11-02 14:49:46,490 - INFO - 127.0.0.1 - - [02/Nov/2025 14:49:46] "POST /transfer HTTP/1.1" 200 -
2025-11-02 14:50:01,941 - INFO - 127.0.0.1 - - [02/Nov/2025 14:50:01] "POST /transfer HTTP/1.1" 200 -
2025-11-02 14:50:04,658 - INFO - 127.0.0.1 - - [02/Nov/2025 14:50:04] "POST /transfer HTTP/1.1" 200 -
2025-11-02 14:50:13,072 - INFO - 127.0.0.1 - - [02/Nov/2025 14:50:13] "POST /transfer HTTP/1.1" 200 -
2025-11-02 14:50:29,792 - INFO - 127.0.0.1 - - [02/Nov/2025 14:50:29] "GET /transactions HTTP/1.1" 200 -
2025-11-02 14:50:34,163 - INFO - User 1: Audit Logs Viewed - User accessed their audit logs
2025-11-02 14:50:34,181 - INFO - 127.0.0.1 - - [02/Nov/2025 14:50:34] "GET /audit_logs HTTP/1.1" 200 -
2025-11-02 14:50:39,525 - INFO - User 1: System Logs Viewed - User accessed system logs with filter: 
2025-11-02 14:50:39,548 - INFO - 127.0.0.1 - - [02/Nov/2025 14:50:39] "GET /system_logs HTTP/1.1" 200 -
2025-11-02 14:50:42,526 - INFO - 127.0.0.1 - - [02/Nov/2025 14:50:42] "GET /transactions HTTP/1.1" 200 -
2025-11-02 14:50:44,214 - INFO - User 1: Dashboard Error - Dashboard access error for user test
2025-11-02 14:50:44,214 - INFO - 127.0.0.1 - - [02/Nov/2025 14:50:44] "[32mGET /dashboard HTTP/1.1[0m" 302 -
2025-11-02 14:50:44,499 - INFO - 127.0.0.1 - - [02/Nov/2025 14:50:44] "GET / HTTP/1.1" 200 -
2025-11-02 14:51:25,614 - INFO - User 1: Dashboard Error - Dashboard access error for user test
2025-11-02 14:51:25,614 - INFO - 127.0.0.1 - - [02/Nov/2025 14:51:25] "[32mGET /dashboard HTTP/1.1[0m" 302 -
2025-11-02 14:51:25,877 - INFO - 127.0.0.1 - - [02/Nov/2025 14:51:25] "GET / HTTP/1.1" 200 -
2025-11-02 14:51:49,262 - INFO - User 1: Logout - User test logged out from 127.0.0.1
2025-11-02 14:51:49,263 - INFO - 127.0.0.1 - - [02/Nov/2025 14:51:49] "[32mGET /logout HTTP/1.1[0m" 302 -
2025-11-02 14:51:49,540 - INFO - 127.0.0.1 - - [02/Nov/2025 14:51:49] "GET / HTTP/1.1" 200 -
2025-11-02 14:51:54,875 - INFO - 127.0.0.1 - - [02/Nov/2025 14:51:54] "GET /register HTTP/1.1" 200 -
2025-11-02 14:52:31,617 - INFO - 127.0.0.1 - - [02/Nov/2025 14:52:31] "POST /register HTTP/1.1" 200 -
2025-11-02 14:52:54,217 - INFO - 127.0.0.1 - - [02/Nov/2025 14:52:54] "GET /login HTTP/1.1" 200 -
2025-11-02 14:53:05,863 - INFO - User 1: Login Success - User test logged in successfully
2025-11-02 14:53:05,864 - INFO - 127.0.0.1 - - [02/Nov/2025 14:53:05] "[32mPOST /login HTTP/1.1[0m" 302 -
2025-11-02 14:53:05,929 - INFO - User 1: Dashboard Error - Dashboard access error for user test
2025-11-02 14:53:05,929 - INFO - 127.0.0.1 - - [02/Nov/2025 14:53:05] "[32mGET /dashboard HTTP/1.1[0m" 302 -
2025-11-02 14:53:05,937 - INFO - 127.0.0.1 - - [02/Nov/2025 14:53:05] "GET / HTTP/1.1" 200 -
2025-11-02 14:53:08,344 - INFO - 127.0.0.1 - - [02/Nov/2025 14:53:08] "GET /transactions HTTP/1.1" 200 -
2025-11-02 14:53:15,521 - INFO - 127.0.0.1 - - [02/Nov/2025 14:53:15] "GET /transactions HTTP/1.1" 200 -
2025-11-02 14:53:16,859 - INFO - 127.0.0.1 - - [02/Nov/2025 14:53:16] "GET /transfer HTTP/1.1" 200 -
2025-11-02 14:53:21,426 - INFO - 127.0.0.1 - - [02/Nov/2025 14:53:21] "[33mGET /transfer/1 HTTP/1.1[0m" 404 -
2025-11-02 14:53:50,558 - INFO - 127.0.0.1 - - [02/Nov/2025 14:53:50] "GET / HTTP/1.1" 200 -
2025-11-02 14:53:53,433 - INFO - 127.0.0.1 - - [02/Nov/2025 14:53:53] "GET / HTTP/1.1" 200 -
2025-11-02 14:53:56,065 - INFO - 127.0.0.1 - - [02/Nov/2025 14:53:56] "GET /upload HTTP/1.1" 200 -
2025-11-02 14:53:57,425 - INFO - User 1: System Logs Viewed - User accessed system logs with filter: 
2025-11-02 14:53:57,435 - INFO - 127.0.0.1 - - [02/Nov/2025 14:53:57] "GET /system_logs HTTP/1.1" 200 -
2025-11-02 14:54:00,465 - INFO - User 1: Dashboard Error - Dashboard access error for user test
2025-11-02 14:54:00,466 - INFO - 127.0.0.1 - - [02/Nov/2025 14:54:00] "[32mGET /dashboard HTTP/1.1[0m" 302 -
2025-11-02 14:54:00,712 - INFO - 127.0.0.1 - - [02/Nov/2025 14:54:00] "GET / HTTP/1.1" 200 -
2025-11-02 14:54:01,822 - INFO - 127.0.0.1 - - [02/Nov/2025 14:54:01] "GET / HTTP/1.1" 200 -
2025-11-02 14:54:04,895 - INFO - User 1: Dashboard Error - Dashboard access error for user test
2025-11-02 14:54:04,896 - INFO - 127.0.0.1 - - [02/Nov/2025 14:54:04] "[32mGET /dashboard HTTP/1.1[0m" 302 -
2025-11-02 14:54:04,903 - INFO - 127.0.0.1 - - [02/Nov/2025 14:54:04] "GET / HTTP/1.1" 200 -
2025-11-02 14:54:16,522 - INFO - User 1: Logout - User test logged out from 127.0.0.1
2025-11-02 14:54:16,524 - INFO - 127.0.0.1 - - [02/Nov/2025 14:54:16] "[32mGET /logout HTTP/1.1[0m" 302 -
2025-11-02 14:54:16,829 - INFO - 127.0.0.1 - - [02/Nov/2025 14:54:16] "GET / HTTP/1.1" 200 -
2025-11-02 14:54:24,055 - INFO - 127.0.0.1 - - [02/Nov/2025 14:54:24] "GET /login HTTP/1.1" 200 -
2025-11-02 14:54:33,355 - INFO - 127.0.0.1 - - [02/Nov/2025 14:54:33] "POST /login HTTP/1.1" 200 -
2025-11-02 15:00:18,314 - INFO - [31m[1mWARNING: This is a development server. Do not use it in a production deployment. Use a production WSGI server instead.[0m
 * Running on http://127.0.0.1:5000
2025-11-02 15:00:18,314 - INFO - [33mPress CTRL+C to quit[0m
2025-11-02 15:00:30,124 - INFO - 127.0.0.1 - - [02/Nov/2025 15:00:30] "[32mGET /dashboard HTTP/1.1[0m" 302 -
2025-11-02 15:00:30,396 - INFO - 127.0.0.1 - - [02/Nov/2025 15:00:30] "GET /login?next=/dashboard HTTP/1.1" 200 -
2025-11-02 15:00:31,752 - INFO - 127.0.0.1 - - [02/Nov/2025 15:00:31] "GET / HTTP/1.1" 200 -
2025-11-02 15:00:33,364 - INFO - 127.0.0.1 - - [02/Nov/2025 15:00:33] "GET /login HTTP/1.1" 200 -
2025-11-02 15:00:42,216 - INFO - User 1: Login Success - User test logged in successfully
2025-11-02 15:00:42,217 - INFO - 127.0.0.1 - - [02/Nov/2025 15:00:42] "[32mPOST /login HTTP/1.1[0m" 302 -
2025-11-02 15:00:42,249 - INFO - User 1: Dashboard Error - Dashboard access error for user test: 'datetime' is undefined
2025-11-02 15:00:42,252 - INFO - 127.0.0.1 - - [02/Nov/2025 15:00:42] "[32mGET /dashboard HTTP/1.1[0m" 302 -
2025-11-02 15:00:42,261 - INFO - User 1: Logout - User test logged out from 127.0.0.1
2025-11-02 15:00:42,262 - INFO - 127.0.0.1 - - [02/Nov/2025 15:00:42] "[32mGET /logout HTTP/1.1[0m" 302 -
2025-11-02 15:00:42,580 - INFO - 127.0.0.1 - - [02/Nov/2025 15:00:42] "GET / HTTP/1.1" 200 -
2025-11-02 15:01:33,088 - INFO - [31m[1mWARNING: This is a development server. Do not use it in a production deployment. Use a production WSGI server instead.[0m
 * Running on http://127.0.0.1:5000
2025-11-02 15:01:33,089 - INFO - [33mPress CTRL+C to quit[0m
2025-11-02 15:01:38,469 - INFO - 127.0.0.1 - - [02/Nov/2025 15:01:38] "GET / HTTP/1.1" 200 -
2025-11-02 15:01:43,193 - INFO - 127.0.0.1 - - [02/Nov/2025 15:01:43] "[32mGET /dashboard HTTP/1.1[0m" 302 -
2025-11-02 15:01:43,450 - INFO - 127.0.0.1 - - [02/Nov/2025 15:01:43] "GET /login?next=/dashboard HTTP/1.1" 200 -
2025-11-02 15:01:44,157 - INFO - 127.0.0.1 - - [02/Nov/2025 15:01:44] "GET /login HTTP/1.1" 200 -
2025-11-02 15:01:46,898 - INFO - 127.0.0.1 - - [02/Nov/2025 15:01:46] "GET /register HTTP/1.1" 200 -
2025-11-02 15:02:05,163 - INFO - User 1: User Registration - New user test registered successfully
2025-11-02 15:02:05,164 - INFO - 127.0.0.1 - - [02/Nov/2025 15:02:05] "[32mPOST /register HTTP/1.1[0m" 302 -
2025-11-02 15:02:05,170 - INFO - 127.0.0.1 - - [02/Nov/2025 15:02:05] "GET /login HTTP/1.1" 200 -
2025-11-02 15:02:16,479 - INFO - User 1: Login Success - User test logged in successfully
2025-11-02 15:02:16,480 - INFO - 127.0.0.1 - - [02/Nov/2025 15:02:16] "[32mPOST /login HTTP/1.1[0m" 302 -
2025-11-02 15:02:16,550 - INFO - User 1: Dashboard Error - Dashboard access error for user test: 'datetime' is undefined
2025-11-02 15:02:16,554 - INFO - 127.0.0.1 - - [02/Nov/2025 15:02:16] "[32mGET /dashboard HTTP/1.1[0m" 302 -
2025-11-02 15:02:16,882 - INFO - User 1: Logout - User test logged out from 127.0.0.1
2025-11-02 15:02:16,883 - INFO - 127.0.0.1 - - [02/Nov/2025 15:02:16] "[32mGET /logout HTTP/1.1[0m" 302 -
2025-11-02 15:02:17,139 - INFO - 127.0.0.1 - - [02/Nov/2025 15:02:17] "GET / HTTP/1.1" 200 -
2025-11-02 15:03:57,744 - INFO - 127.0.0.1 - - [02/Nov/2025 15:03:57] "GET / HTTP/1.1" 200 -
2025-11-02 15:04:01,295 - INFO - 127.0.0.1 - - [02/Nov/2025 15:04:01] "[32mGET /dashboard HTTP/1.1[0m" 302 -
2025-11-02 15:04:01,309 - INFO - 127.0.0.1 - - [02/Nov/2025 15:04:01] "GET /login?next=/dashboard HTTP/1.1" 200 -
2025-11-02 15:04:02,857 - INFO - 127.0.0.1 - - [02/Nov/2025 15:04:02] "GET /register HTTP/1.1" 200 -
2025-11-02 15:08:05,495 - INFO - 127.0.0.1 - - [02/Nov/2025 15:08:05] "GET /login HTTP/1.1" 200 -
2025-11-02 15:08:14,810 - INFO - User 1: Login Success - User test logged in successfully
2025-11-02 15:08:14,811 - INFO - 127.0.0.1 - - [02/Nov/2025 15:08:14] "[32mPOST /login HTTP/1.1[0m" 302 -
2025-11-02 15:08:14,848 - INFO - User 1: Dashboard Error - Dashboard access error for user test: 'datetime' is undefined
2025-11-02 15:08:14,854 - INFO - 127.0.0.1 - - [02/Nov/2025 15:08:14] "[32mGET /dashboard HTTP/1.1[0m" 302 -
2025-11-02 15:08:15,188 - INFO - User 1: Logout - User test logged out from 127.0.0.1
2025-11-02 15:08:15,189 - INFO - 127.0.0.1 - - [02/Nov/2025 15:08:15] "[32mGET /logout HTTP/1.1[0m" 302 -
2025-11-02 15:08:15,435 - INFO - 127.0.0.1 - - [02/Nov/2025 15:08:15] "GET / HTTP/1.1" 200 -
2025-11-02 15:08:18,838 - INFO - 127.0.0.1 - - [02/Nov/2025 15:08:18] "GET /login HTTP/1.1" 200 -
2025-11-02 15:08:22,287 - INFO - 127.0.0.1 - - [02/Nov/2025 15:08:22] "GET /register HTTP/1.1" 200 -
2025-11-02 15:08:46,436 - INFO - 127.0.0.1 - - [02/Nov/2025 15:08:46] "POST /register HTTP/1.1" 200 -
2025-11-02 15:08:49,604 - INFO - 127.0.0.1 - - [02/Nov/2025 15:08:49] "GET /login HTTP/1.1" 200 -
2025-11-02 15:08:58,019 - INFO - User 1: Login Success - User test logged in successfully
2025-11-02 15:08:58,020 - INFO - 127.0.0.1 - - [02/Nov/2025 15:08:58] "[32mPOST /login HTTP/1.1[0m" 302 -
2025-11-02 15:08:58,040 - INFO - User 1: Dashboard Error - Dashboard access error for user test: 'datetime' is undefined
2025-11-02 15:08:58,042 - INFO - 127.0.0.1 - - [02/Nov/2025 15:08:58] "[32mGET /dashboard HTTP/1.1[0m" 302 -
2025-11-02 15:08:58,369 - INFO - User 1: Logout - User test logged out from 127.0.0.1
2025-11-02 15:08:58,370 - INFO - 127.0.0.1 - - [02/Nov/2025 15:08:58] "[32mGET /logout HTTP/1.1[0m" 302 -
2025-11-02 15:08:58,629 - INFO - 127.0.0.1 - - [02/Nov/2025 15:08:58] "GET / HTTP/1.1" 200 -
2025-11-02 15:09:39,245 - INFO - 127.0.0.1 - - [02/Nov/2025 15:09:39] "GET / HTTP/1.1" 200 -
2025-11-02 15:10:22,572 - INFO - 127.0.0.1 - - [02/Nov/2025 15:10:22] "GET / HTTP/1.1" 200 -
2025-11-02 15:10:25,071 - INFO - 127.0.0.1 - - [02/Nov/2025 15:10:25] "GET /login HTTP/1.1" 200 -
2025-11-02 15:10:33,149 - INFO - User 1: Login Success - User test logged in successfully
2025-11-02 15:10:33,151 - INFO - 127.0.0.1 - - [02/Nov/2025 15:10:33] "[32mPOST /login HTTP/1.1[0m" 302 -
2025-11-02 15:10:33,173 - INFO - User 1: Dashboard Error - Dashboard access error for user test: 'datetime' is undefined
2025-11-02 15:10:33,175 - INFO - 127.0.0.1 - - [02/Nov/2025 15:10:33] "[32mGET /dashboard HTTP/1.1[0m" 302 -
2025-11-02 15:10:33,495 - INFO - User 1: Logout - User test logged out from 127.0.0.1
2025-11-02 15:10:33,496 - INFO - 127.0.0.1 - - [02/Nov/2025 15:10:33] "[32mGET /logout HTTP/1.1[0m" 302 -
2025-11-02 15:10:33,751 - INFO - 127.0.0.1 - - [02/Nov/2025 15:10:33] "GET / HTTP/1.1" 200 -
2025-11-02 15:11:18,513 - INFO - [31m[1mWARNING: This is a development server. Do not use it in a production deployment. Use a production WSGI server instead.[0m
 * Running on http://127.0.0.1:5000
2025-11-02 15:11:18,513 - INFO - [33mPress CTRL+C to quit[0m
2025-11-02 15:11:28,246 - INFO - 127.0.0.1 - - [02/Nov/2025 15:11:28] "[32mGET /dashboard HTTP/1.1[0m" 302 -
2025-11-02 15:11:28,524 - INFO - 127.0.0.1 - - [02/Nov/2025 15:11:28] "GET /login?next=/dashboard HTTP/1.1" 200 -
2025-11-02 15:11:40,198 - INFO - User 1: Login Success - User test logged in successfully
2025-11-02 15:11:40,199 - INFO - 127.0.0.1 - - [02/Nov/2025 15:11:40] "[32mPOST /login?next=/dashboard HTTP/1.1[0m" 302 -
2025-11-02 15:11:40,230 - INFO - User 1: Dashboard Error - Dashboard access error for user test: 'datetime' is undefined
2025-11-02 15:11:40,232 - INFO - 127.0.0.1 - - [02/Nov/2025 15:11:40] "[32mGET /dashboard HTTP/1.1[0m" 302 -
2025-11-02 15:11:40,570 - INFO - User 1: Logout - User test logged out from 127.0.0.1
2025-11-02 15:11:40,571 - INFO - 127.0.0.1 - - [02/Nov/2025 15:11:40] "[32mGET /logout HTTP/1.1[0m" 302 -
2025-11-02 15:11:40,822 - INFO - 127.0.0.1 - - [02/Nov/2025 15:11:40] "GET / HTTP/1.1" 200 -
2025-11-02 15:15:30,029 - INFO - [31m[1mWARNING: This is a development server. Do not use it in a production deployment. Use a production WSGI server instead.[0m
 * Running on http://127.0.0.1:5000
2025-11-02 15:15:30,029 - INFO - [33mPress CTRL+C to quit[0m
2025-11-02 15:15:34,245 - INFO - 127.0.0.1 - - [02/Nov/2025 15:15:34] "[32mGET /dashboard HTTP/1.1[0m" 302 -
2025-11-02 15:15:34,530 - INFO - 127.0.0.1 - - [02/Nov/2025 15:15:34] "GET /login?next=/dashboard HTTP/1.1" 200 -
2025-11-02 15:15:37,001 - INFO - 127.0.0.1 - - [02/Nov/2025 15:15:37] "GET / HTTP/1.1" 200 -
2025-11-02 15:15:39,590 - INFO - 127.0.0.1 - - [02/Nov/2025 15:15:39] "GET /register HTTP/1.1" 200 -
2025-11-02 15:15:59,657 - INFO - User 1: User Registration - New user test registered successfully
2025-11-02 15:15:59,658 - INFO - 127.0.0.1 - - [02/Nov/2025 15:15:59] "[32mPOST /register HTTP/1.1[0m" 302 -
2025-11-02 15:15:59,664 - INFO - 127.0.0.1 - - [02/Nov/2025 15:15:59] "GET /login HTTP/1.1" 200 -
2025-11-02 15:16:10,831 - INFO - User 1: Login Success - User test logged in successfully
2025-11-02 15:16:10,832 - INFO - 127.0.0.1 - - [02/Nov/2025 15:16:10] "[32mPOST /login HTTP/1.1[0m" 302 -
2025-11-02 15:16:10,867 - INFO - User 1: Dashboard Error - Dashboard access error for user test
2025-11-02 15:16:10,868 - INFO - 127.0.0.1 - - [02/Nov/2025 15:16:10] "[32mGET /dashboard HTTP/1.1[0m" 302 -
2025-11-02 15:16:10,875 - INFO - 127.0.0.1 - - [02/Nov/2025 15:16:10] "GET / HTTP/1.1" 200 -
2025-11-02 15:16:14,754 - INFO - 127.0.0.1 - - [02/Nov/2025 15:16:14] "GET / HTTP/1.1" 200 -
2025-11-02 15:16:15,632 - INFO - User 1: Dashboard Error - Dashboard access error for user test
2025-11-02 15:16:15,633 - INFO - 127.0.0.1 - - [02/Nov/2025 15:16:15] "[32mGET /dashboard HTTP/1.1[0m" 302 -
2025-11-02 15:16:15,638 - INFO - 127.0.0.1 - - [02/Nov/2025 15:16:15] "GET / HTTP/1.1" 200 -
2025-11-02 15:16:16,820 - INFO - 127.0.0.1 - - [02/Nov/2025 15:16:16] "GET /transfer HTTP/1.1" 200 -
2025-11-02 15:16:18,722 - INFO - 127.0.0.1 - - [02/Nov/2025 15:16:18] "GET /transactions HTTP/1.1" 200 -
2025-11-02 15:16:20,457 - INFO - 127.0.0.1 - - [02/Nov/2025 15:16:20] "GET /upload HTTP/1.1" 200 -
2025-11-02 15:16:21,711 - INFO - User 1: System Logs Viewed - User accessed system logs with filter: 
2025-11-02 15:16:21,728 - INFO - 127.0.0.1 - - [02/Nov/2025 15:16:21] "GET /system_logs HTTP/1.1" 200 -
